Jun 23 06:47:02 metasploitable CRON[10856]: pam_unix(cron:session): session closed for user root
Jun 23 06:53:35 metasploitable CRON[10799]: pam_unix(cron:session): session closed for user root
Jun 23 07:09:01 metasploitable CRON[11238]: pam_unix(cron:session): session opened for user root by (uid=0)
Jun 23 07:09:01 metasploitable CRON[11238]: pam_unix(cron:session): session closed for user root
Jun 23 07:17:01 metasploitable CRON[11257]: pam_unix(cron:session): session opened for user root by (uid=0)
Jun 23 07:17:01 metasploitable CRON[11257]: pam_unix(cron:session): session closed for user root
Jun 23 07:39:01 metasploitable CRON[11279]: pam_unix(cron:session): session opened for user root by (uid=0)
Jun 23 07:39:01 metasploitable CRON[11279]: pam_unix(cron:session): session closed for user root
Jun 23 08:09:01 metasploitable CRON[11320]: pam_unix(cron:session): session opened for user root by (uid=0)
Jun 23 08:09:01 metasploitable CRON[11320]: pam_unix(cron:session): session closed for user root
Jun 23 08:17:01 metasploitable CRON[11339]: pam_unix(cron:session): session opened for user root by (uid=0)
Jun 23 08:17:01 metasploitable CRON[11339]: pam_unix(cron:session): session closed for user root
Jun 23 08:39:01 metasploitable CRON[11363]: pam_unix(cron:session): session opened for user root by (uid=0)
Jun 23 08:39:01 metasploitable CRON[11363]: pam_unix(cron:session): session closed for user root
Jun 23 09:09:01 metasploitable CRON[11404]: pam_unix(cron:session): session opened for user root by (uid=0)
Jun 23 09:09:01 metasploitable CRON[11404]: pam_unix(cron:session): session closed for user root
Jun 23 09:17:01 metasploitable CRON[11424]: pam_unix(cron:session): session opened for user root by (uid=0)
Jun 23 09:17:01 metasploitable CRON[11424]: pam_unix(cron:session): session closed for user root
Jun 23 09:39:01 metasploitable CRON[11448]: pam_unix(cron:session): session opened for user root by (uid=0)
Jun 23 09:39:01 metasploitable CRON[11448]: pam_unix(cron:session): session closed for user root
Jun 23 10:09:01 metasploitable CRON[11490]: pam_unix(cron:session): session opened for user root by (uid=0)
Jun 23 10:09:01 metasploitable CRON[11490]: pam_unix(cron:session): session closed for user root
Jun 23 10:17:01 metasploitable CRON[11510]: pam_unix(cron:session): session opened for user root by (uid=0)
Jun 23 10:17:01 metasploitable CRON[11510]: pam_unix(cron:session): session closed for user root
Jun 23 10:39:01 metasploitable CRON[11534]: pam_unix(cron:session): session opened for user root by (uid=0)
Jun 23 10:39:01 metasploitable CRON[11534]: pam_unix(cron:session): session closed for user root
Jun 23 11:09:01 metasploitable CRON[11576]: pam_unix(cron:session): session opened for user root by (uid=0)
Jun 23 11:09:01 metasploitable CRON[11576]: pam_unix(cron:session): session closed for user root
Jun 23 11:17:01 metasploitable CRON[11596]: pam_unix(cron:session): session opened for user root by (uid=0)
Jun 23 11:17:01 metasploitable CRON[11596]: pam_unix(cron:session): session closed for user root
Jun 23 11:39:01 metasploitable CRON[11619]: pam_unix(cron:session): session opened for user root by (uid=0)
Jun 23 11:39:01 metasploitable CRON[11619]: pam_unix(cron:session): session closed for user root
Jun 23 12:09:01 metasploitable CRON[11660]: pam_unix(cron:session): session opened for user root by (uid=0)
Jun 23 12:09:01 metasploitable CRON[11660]: pam_unix(cron:session): session closed for user root
Jun 23 12:17:01 metasploitable CRON[11679]: pam_unix(cron:session): session opened for user root by (uid=0)
Jun 23 12:17:01 metasploitable CRON[11679]: pam_unix(cron:session): session closed for user root
Jun 23 12:39:01 metasploitable CRON[11702]: pam_unix(cron:session): session opened for user root by (uid=0)
Jun 23 12:39:01 metasploitable CRON[11702]: pam_unix(cron:session): session closed for user root
Jun 23 13:09:01 metasploitable CRON[11741]: pam_unix(cron:session): session opened for user root by (uid=0)
Jun 23 13:09:01 metasploitable CRON[11741]: pam_unix(cron:session): session closed for user root
Jun 23 13:17:01 metasploitable CRON[11760]: pam_unix(cron:session): session opened for user root by (uid=0)
Jun 23 13:17:01 metasploitable CRON[11760]: pam_unix(cron:session): session closed for user root
Jun 23 13:39:01 metasploitable CRON[11785]: pam_unix(cron:session): session opened for user root by (uid=0)
Jun 23 13:39:01 metasploitable CRON[11785]: pam_unix(cron:session): session closed for user root
Jun 23 14:09:01 metasploitable CRON[11826]: pam_unix(cron:session): session opened for user root by (uid=0)
Jun 23 14:09:01 metasploitable CRON[11826]: pam_unix(cron:session): session closed for user root
Jun 23 14:17:01 metasploitable CRON[11846]: pam_unix(cron:session): session opened for user root by (uid=0)
Jun 23 14:17:01 metasploitable CRON[11846]: pam_unix(cron:session): session closed for user root
Jun 23 14:39:01 metasploitable CRON[11870]: pam_unix(cron:session): session opened for user root by (uid=0)
Jun 23 14:39:01 metasploitable CRON[11870]: pam_unix(cron:session): session closed for user root
Jun 23 15:09:01 metasploitable CRON[11913]: pam_unix(cron:session): session opened for user root by (uid=0)
Jun 23 15:09:01 metasploitable CRON[11913]: pam_unix(cron:session): session closed for user root
Jun 23 15:17:01 metasploitable CRON[11933]: pam_unix(cron:session): session opened for user root by (uid=0)
Jun 23 15:17:01 metasploitable CRON[11933]: pam_unix(cron:session): session closed for user root
Jun 23 15:39:01 metasploitable CRON[11958]: pam_unix(cron:session): session opened for user root by (uid=0)
Jun 23 15:39:01 metasploitable CRON[11958]: pam_unix(cron:session): session closed for user root
Jun 23 16:09:01 metasploitable CRON[11999]: pam_unix(cron:session): session opened for user root by (uid=0)
Jun 23 16:09:01 metasploitable CRON[11999]: pam_unix(cron:session): session closed for user root
Jun 23 16:17:01 metasploitable CRON[12019]: pam_unix(cron:session): session opened for user root by (uid=0)
Jun 23 16:17:01 metasploitable CRON[12019]: pam_unix(cron:session): session closed for user root
Jun 23 16:39:01 metasploitable CRON[12043]: pam_unix(cron:session): session opened for user root by (uid=0)
Jun 23 16:39:01 metasploitable CRON[12043]: pam_unix(cron:session): session closed for user root
Jun 23 17:09:01 metasploitable CRON[12083]: pam_unix(cron:session): session opened for user root by (uid=0)
Jun 23 17:09:01 metasploitable CRON[12083]: pam_unix(cron:session): session closed for user root
Jun 23 17:17:01 metasploitable CRON[12102]: pam_unix(cron:session): session opened for user root by (uid=0)
Jun 23 17:17:01 metasploitable CRON[12102]: pam_unix(cron:session): session closed for user root
Jun 23 17:39:01 metasploitable CRON[12126]: pam_unix(cron:session): session opened for user root by (uid=0)
Jun 23 17:39:01 metasploitable CRON[12126]: pam_unix(cron:session): session closed for user root
Jun 23 18:09:01 metasploitable CRON[12165]: pam_unix(cron:session): session opened for user root by (uid=0)
Jun 23 18:09:01 metasploitable CRON[12165]: pam_unix(cron:session): session closed for user root
Jun 23 18:17:01 metasploitable CRON[12185]: pam_unix(cron:session): session opened for user root by (uid=0)
Jun 23 18:17:01 metasploitable CRON[12185]: pam_unix(cron:session): session closed for user root
Jun 23 18:39:01 metasploitable CRON[12210]: pam_unix(cron:session): session opened for user root by (uid=0)
Jun 23 18:39:01 metasploitable CRON[12210]: pam_unix(cron:session): session closed for user root
Jun 23 19:09:02 metasploitable CRON[12251]: pam_unix(cron:session): session opened for user root by (uid=0)
Jun 23 19:09:02 metasploitable CRON[12251]: pam_unix(cron:session): session closed for user root
Jun 23 19:17:01 metasploitable CRON[12271]: pam_unix(cron:session): session opened for user root by (uid=0)
Jun 23 19:17:01 metasploitable CRON[12271]: pam_unix(cron:session): session closed for user root
Jun 23 19:39:01 metasploitable CRON[12295]: pam_unix(cron:session): session opened for user root by (uid=0)
Jun 23 19:39:01 metasploitable CRON[12295]: pam_unix(cron:session): session closed for user root
Jun 23 20:09:01 metasploitable CRON[12336]: pam_unix(cron:session): session opened for user root by (uid=0)
Jun 23 20:09:01 metasploitable CRON[12336]: pam_unix(cron:session): session closed for user root
Jun 23 20:17:01 metasploitable CRON[12356]: pam_unix(cron:session): session opened for user root by (uid=0)
Jun 23 20:17:01 metasploitable CRON[12356]: pam_unix(cron:session): session closed for user root
Jun 23 20:39:01 metasploitable CRON[12379]: pam_unix(cron:session): session opened for user root by (uid=0)
Jun 23 20:39:01 metasploitable CRON[12379]: pam_unix(cron:session): session closed for user root
Jun 23 21:09:01 metasploitable CRON[12418]: pam_unix(cron:session): session opened for user root by (uid=0)
Jun 23 21:09:01 metasploitable CRON[12418]: pam_unix(cron:session): session closed for user root
Jun 23 21:17:01 metasploitable CRON[12437]: pam_unix(cron:session): session opened for user root by (uid=0)
Jun 23 21:17:01 metasploitable CRON[12437]: pam_unix(cron:session): session closed for user root
Jun 23 21:39:01 metasploitable CRON[12462]: pam_unix(cron:session): session opened for user root by (uid=0)
Jun 23 21:39:01 metasploitable CRON[12462]: pam_unix(cron:session): session closed for user root
Jun 23 22:09:01 metasploitable CRON[12502]: pam_unix(cron:session): session opened for user root by (uid=0)
Jun 23 22:09:01 metasploitable CRON[12502]: pam_unix(cron:session): session closed for user root
Jun 23 22:17:01 metasploitable CRON[12522]: pam_unix(cron:session): session opened for user root by (uid=0)
Jun 23 22:17:01 metasploitable CRON[12522]: pam_unix(cron:session): session closed for user root
Jun 23 22:39:01 metasploitable CRON[12545]: pam_unix(cron:session): session opened for user root by (uid=0)
Jun 23 22:39:01 metasploitable CRON[12545]: pam_unix(cron:session): session closed for user root
Jun 23 23:09:01 metasploitable CRON[12584]: pam_unix(cron:session): session opened for user root by (uid=0)
Jun 23 23:09:01 metasploitable CRON[12584]: pam_unix(cron:session): session closed for user root
Jun 23 23:17:01 metasploitable CRON[12604]: pam_unix(cron:session): session opened for user root by (uid=0)
Jun 23 23:17:01 metasploitable CRON[12604]: pam_unix(cron:session): session closed for user root
Jun 23 23:39:01 metasploitable CRON[12630]: pam_unix(cron:session): session opened for user root by (uid=0)
Jun 23 23:39:01 metasploitable CRON[12630]: pam_unix(cron:session): session closed for user root
Jun 24 00:02:01 metasploitable CRON[12663]: pam_unix(cron:session): session opened for user root by (uid=0)
Jun 24 00:02:01 metasploitable CRON[12663]: pam_unix(cron:session): session closed for user root
Jun 24 00:09:01 metasploitable CRON[12673]: pam_unix(cron:session): session opened for user root by (uid=0)
Jun 24 00:09:01 metasploitable CRON[12673]: pam_unix(cron:session): session closed for user root
Jun 24 00:17:01 metasploitable CRON[12693]: pam_unix(cron:session): session opened for user root by (uid=0)
Jun 24 00:17:01 metasploitable CRON[12693]: pam_unix(cron:session): session closed for user root
Jun 24 00:39:01 metasploitable CRON[12717]: pam_unix(cron:session): session opened for user root by (uid=0)
Jun 24 00:39:01 metasploitable CRON[12717]: pam_unix(cron:session): session closed for user root
Jun 24 01:09:01 metasploitable CRON[12759]: pam_unix(cron:session): session opened for user root by (uid=0)
Jun 24 01:09:01 metasploitable CRON[12759]: pam_unix(cron:session): session closed for user root
Jun 24 01:17:01 metasploitable CRON[12779]: pam_unix(cron:session): session opened for user root by (uid=0)
Jun 24 01:17:01 metasploitable CRON[12779]: pam_unix(cron:session): session closed for user root
Jun 24 01:39:01 metasploitable CRON[12803]: pam_unix(cron:session): session opened for user root by (uid=0)
Jun 24 01:39:01 metasploitable CRON[12803]: pam_unix(cron:session): session closed for user root
Jun 24 02:09:01 metasploitable CRON[12844]: pam_unix(cron:session): session opened for user root by (uid=0)
Jun 24 02:09:01 metasploitable CRON[12844]: pam_unix(cron:session): session closed for user root
Jun 24 02:17:01 metasploitable CRON[12864]: pam_unix(cron:session): session opened for user root by (uid=0)
Jun 24 02:17:01 metasploitable CRON[12864]: pam_unix(cron:session): session closed for user root
Jun 24 02:39:01 metasploitable CRON[12888]: pam_unix(cron:session): session opened for user root by (uid=0)
Jun 24 02:39:01 metasploitable CRON[12888]: pam_unix(cron:session): session closed for user root
Jun 24 03:09:01 metasploitable CRON[12928]: pam_unix(cron:session): session opened for user root by (uid=0)
Jun 24 03:09:01 metasploitable CRON[12928]: pam_unix(cron:session): session closed for user root
Jun 24 03:17:01 metasploitable CRON[12947]: pam_unix(cron:session): session opened for user root by (uid=0)
Jun 24 03:17:01 metasploitable CRON[12947]: pam_unix(cron:session): session closed for user root
Jun 24 03:39:01 metasploitable CRON[12971]: pam_unix(cron:session): session opened for user root by (uid=0)
Jun 24 03:39:01 metasploitable CRON[12971]: pam_unix(cron:session): session closed for user root
Jun 24 04:09:01 metasploitable CRON[13012]: pam_unix(cron:session): session opened for user root by (uid=0)
Jun 24 04:09:01 metasploitable CRON[13012]: pam_unix(cron:session): session closed for user root
Jun 24 04:17:01 metasploitable CRON[13031]: pam_unix(cron:session): session opened for user root by (uid=0)
Jun 24 04:17:01 metasploitable CRON[13031]: pam_unix(cron:session): session closed for user root
Jun 24 04:39:01 metasploitable CRON[13054]: pam_unix(cron:session): session opened for user root by (uid=0)
Jun 24 04:39:01 metasploitable CRON[13054]: pam_unix(cron:session): session closed for user root
Jun 24 05:02:01 metasploitable CRON[13088]: pam_unix(cron:session): session opened for user root by (uid=0)
Jun 24 05:02:01 metasploitable CRON[13088]: pam_unix(cron:session): session closed for user root
Jun 24 05:09:01 metasploitable CRON[13099]: pam_unix(cron:session): session opened for user root by (uid=0)
Jun 24 05:09:01 metasploitable CRON[13099]: pam_unix(cron:session): session closed for user root
Jun 24 05:17:01 metasploitable CRON[13118]: pam_unix(cron:session): session opened for user root by (uid=0)
Jun 24 05:17:01 metasploitable CRON[13118]: pam_unix(cron:session): session closed for user root
Jun 24 05:39:01 metasploitable CRON[13142]: pam_unix(cron:session): session opened for user root by (uid=0)
Jun 24 05:39:01 metasploitable CRON[13142]: pam_unix(cron:session): session closed for user root
Jun 24 06:09:01 metasploitable CRON[13184]: pam_unix(cron:session): session opened for user root by (uid=0)
Jun 24 06:09:01 metasploitable CRON[13184]: pam_unix(cron:session): session closed for user root
Jun 24 06:17:01 metasploitable CRON[13204]: pam_unix(cron:session): session opened for user root by (uid=0)
Jun 24 06:17:01 metasploitable CRON[13204]: pam_unix(cron:session): session closed for user root
Jun 24 06:25:01 metasploitable CRON[13215]: pam_unix(cron:session): session opened for user root by (uid=0)
Jun 24 06:25:01 metasploitable sudo:     root : TTY=unknown ; PWD=/ ; USER=msfadmin ; COMMAND=/usr/bin/gconftool --get /system/http_proxy/use_http_proxy
Jun 24 06:25:01 metasploitable sudo: pam_unix(sudo:session): session opened for user msfadmin by (uid=0)
Jun 24 06:25:01 metasploitable sudo: pam_unix(sudo:session): session closed for user msfadmin
Jun 24 06:25:01 metasploitable sudo:     root : TTY=unknown ; PWD=/ ; USER=msfadmin ; COMMAND=/usr/bin/gconftool --get /system/http_proxy/host
Jun 24 06:25:01 metasploitable sudo: pam_unix(sudo:session): session opened for user msfadmin by (uid=0)
Jun 24 06:25:01 metasploitable sudo: pam_unix(sudo:session): session closed for user msfadmin
Jun 24 06:25:01 metasploitable sudo:     root : TTY=unknown ; PWD=/ ; USER=msfadmin ; COMMAND=/usr/bin/gconftool --get /system/http_proxy/port
Jun 24 06:25:01 metasploitable sudo: pam_unix(sudo:session): session opened for user msfadmin by (uid=0)
Jun 24 06:25:01 metasploitable sudo: pam_unix(sudo:session): session closed for user msfadmin
Jun 24 06:39:01 metasploitable CRON[13252]: pam_unix(cron:session): session opened for user root by (uid=0)
Jun 24 06:39:01 metasploitable CRON[13252]: pam_unix(cron:session): session closed for user root
Jun 24 06:44:25 metasploitable CRON[13215]: pam_unix(cron:session): session closed for user root
Jun 24 07:09:01 metasploitable CRON[13399]: pam_unix(cron:session): session opened for user root by (uid=0)
Jun 24 07:09:01 metasploitable CRON[13399]: pam_unix(cron:session): session closed for user root
Jun 24 07:17:01 metasploitable CRON[13419]: pam_unix(cron:session): session opened for user root by (uid=0)
Jun 24 07:17:01 metasploitable CRON[13419]: pam_unix(cron:session): session closed for user root
Jun 24 07:39:01 metasploitable CRON[13443]: pam_unix(cron:session): session opened for user root by (uid=0)
Jun 24 07:39:01 metasploitable CRON[13443]: pam_unix(cron:session): session closed for user root
Jun 24 08:09:01 metasploitable CRON[13483]: pam_unix(cron:session): session opened for user root by (uid=0)
Jun 24 08:09:01 metasploitable CRON[13483]: pam_unix(cron:session): session closed for user root
Jun 24 08:17:01 metasploitable CRON[13503]: pam_unix(cron:session): session opened for user root by (uid=0)
Jun 24 08:17:01 metasploitable CRON[13503]: pam_unix(cron:session): session closed for user root
Jun 24 08:39:01 metasploitable CRON[13528]: pam_unix(cron:session): session opened for user root by (uid=0)
Jun 24 08:39:01 metasploitable CRON[13528]: pam_unix(cron:session): session closed for user root
Jun 24 09:09:01 metasploitable CRON[13569]: pam_unix(cron:session): session opened for user root by (uid=0)
Jun 24 09:09:01 metasploitable CRON[13569]: pam_unix(cron:session): session closed for user root
Jun 24 09:17:01 metasploitable CRON[13589]: pam_unix(cron:session): session opened for user root by (uid=0)
Jun 24 09:17:01 metasploitable CRON[13589]: pam_unix(cron:session): session closed for user root
Jun 24 09:39:01 metasploitable CRON[13615]: pam_unix(cron:session): session opened for user root by (uid=0)
Jun 24 09:39:01 metasploitable CRON[13615]: pam_unix(cron:session): session closed for user root
Jun 24 10:02:01 metasploitable CRON[13650]: pam_unix(cron:session): session opened for user root by (uid=0)
Jun 24 10:02:01 metasploitable CRON[13650]: pam_unix(cron:session): session closed for user root
Jun 24 10:09:01 metasploitable CRON[13661]: pam_unix(cron:session): session opened for user root by (uid=0)
Jun 24 10:09:01 metasploitable CRON[13661]: pam_unix(cron:session): session closed for user root
Jun 24 10:17:01 metasploitable CRON[13681]: pam_unix(cron:session): session opened for user root by (uid=0)
Jun 24 10:17:01 metasploitable CRON[13681]: pam_unix(cron:session): session closed for user root
Jun 24 10:39:01 metasploitable CRON[13706]: pam_unix(cron:session): session opened for user root by (uid=0)
Jun 24 10:39:01 metasploitable CRON[13706]: pam_unix(cron:session): session closed for user root
Jun 24 11:09:01 metasploitable CRON[13758]: pam_unix(cron:session): session opened for user root by (uid=0)
Jun 24 11:09:01 metasploitable CRON[13758]: pam_unix(cron:session): session closed for user root
Jun 24 11:17:01 metasploitable CRON[13778]: pam_unix(cron:session): session opened for user root by (uid=0)
Jun 24 11:17:01 metasploitable CRON[13778]: pam_unix(cron:session): session closed for user root
Jun 24 11:39:01 metasploitable CRON[13802]: pam_unix(cron:session): session opened for user root by (uid=0)
Jun 24 11:39:01 metasploitable CRON[13802]: pam_unix(cron:session): session closed for user root
Jun 24 12:09:01 metasploitable CRON[13852]: pam_unix(cron:session): session opened for user root by (uid=0)
Jun 24 12:09:01 metasploitable CRON[13852]: pam_unix(cron:session): session closed for user root
Jun 24 12:17:01 metasploitable CRON[13872]: pam_unix(cron:session): session opened for user root by (uid=0)
Jun 24 12:17:01 metasploitable CRON[13872]: pam_unix(cron:session): session closed for user root
Jun 24 12:39:01 metasploitable CRON[13897]: pam_unix(cron:session): session opened for user root by (uid=0)
Jun 24 12:39:01 metasploitable CRON[13897]: pam_unix(cron:session): session closed for user root
Jun 24 13:09:01 metasploitable CRON[13939]: pam_unix(cron:session): session opened for user root by (uid=0)
Jun 24 13:09:01 metasploitable CRON[13939]: pam_unix(cron:session): session closed for user root
Jun 24 13:17:01 metasploitable CRON[13958]: pam_unix(cron:session): session opened for user root by (uid=0)
Jun 24 13:17:01 metasploitable CRON[13958]: pam_unix(cron:session): session closed for user root
Jun 24 13:39:01 metasploitable CRON[13979]: pam_unix(cron:session): session opened for user root by (uid=0)
Jun 24 13:39:01 metasploitable CRON[13979]: pam_unix(cron:session): session closed for user root
Jun 24 14:09:01 metasploitable CRON[14020]: pam_unix(cron:session): session opened for user root by (uid=0)
Jun 24 14:09:01 metasploitable CRON[14020]: pam_unix(cron:session): session closed for user root
Jun 24 14:17:01 metasploitable CRON[14040]: pam_unix(cron:session): session opened for user root by (uid=0)
Jun 24 14:17:01 metasploitable CRON[14040]: pam_unix(cron:session): session closed for user root
Jun 24 14:39:01 metasploitable CRON[14067]: pam_unix(cron:session): session opened for user root by (uid=0)
Jun 24 14:39:01 metasploitable CRON[14067]: pam_unix(cron:session): session closed for user root
Jun 24 15:02:01 metasploitable CRON[14101]: pam_unix(cron:session): session opened for user root by (uid=0)
Jun 24 15:02:01 metasploitable CRON[14101]: pam_unix(cron:session): session closed for user root
Jun 24 15:09:01 metasploitable CRON[14112]: pam_unix(cron:session): session opened for user root by (uid=0)
Jun 24 15:09:01 metasploitable CRON[14112]: pam_unix(cron:session): session closed for user root
Jun 24 15:17:01 metasploitable CRON[14131]: pam_unix(cron:session): session opened for user root by (uid=0)
Jun 24 15:17:01 metasploitable CRON[14131]: pam_unix(cron:session): session closed for user root
Jun 24 15:39:01 metasploitable CRON[14156]: pam_unix(cron:session): session opened for user root by (uid=0)
Jun 24 15:39:01 metasploitable CRON[14156]: pam_unix(cron:session): session closed for user root
Jun 24 16:09:01 metasploitable CRON[14199]: pam_unix(cron:session): session opened for user root by (uid=0)
Jun 24 16:09:01 metasploitable CRON[14199]: pam_unix(cron:session): session closed for user root
Jun 24 16:17:01 metasploitable CRON[14219]: pam_unix(cron:session): session opened for user root by (uid=0)
Jun 24 16:17:01 metasploitable CRON[14219]: pam_unix(cron:session): session closed for user root
Jun 24 16:39:01 metasploitable CRON[14244]: pam_unix(cron:session): session opened for user root by (uid=0)
Jun 24 16:39:01 metasploitable CRON[14244]: pam_unix(cron:session): session closed for user root
Jun 24 17:09:01 metasploitable CRON[14288]: pam_unix(cron:session): session opened for user root by (uid=0)
Jun 24 17:09:01 metasploitable CRON[14288]: pam_unix(cron:session): session closed for user root
Jun 24 17:17:01 metasploitable CRON[14307]: pam_unix(cron:session): session opened for user root by (uid=0)
Jun 24 17:17:01 metasploitable CRON[14307]: pam_unix(cron:session): session closed for user root
Jun 24 17:39:01 metasploitable CRON[14333]: pam_unix(cron:session): session opened for user root by (uid=0)
Jun 24 17:39:01 metasploitable CRON[14333]: pam_unix(cron:session): session closed for user root
Jun 24 18:09:01 metasploitable CRON[14373]: pam_unix(cron:session): session opened for user root by (uid=0)
Jun 24 18:09:01 metasploitable CRON[14373]: pam_unix(cron:session): session closed for user root
Jun 24 18:17:01 metasploitable CRON[14393]: pam_unix(cron:session): session opened for user root by (uid=0)
Jun 24 18:17:01 metasploitable CRON[14393]: pam_unix(cron:session): session closed for user root
Jun 24 18:39:01 metasploitable CRON[14416]: pam_unix(cron:session): session opened for user root by (uid=0)
Jun 24 18:39:01 metasploitable CRON[14416]: pam_unix(cron:session): session closed for user root
Jun 24 19:09:01 metasploitable CRON[14457]: pam_unix(cron:session): session opened for user root by (uid=0)
Jun 24 19:09:01 metasploitable CRON[14457]: pam_unix(cron:session): session closed for user root
Jun 24 19:17:01 metasploitable CRON[14477]: pam_unix(cron:session): session opened for user root by (uid=0)
Jun 24 19:17:01 metasploitable CRON[14477]: pam_unix(cron:session): session closed for user root
Jun 24 19:39:01 metasploitable CRON[14503]: pam_unix(cron:session): session opened for user root by (uid=0)
Jun 24 19:39:01 metasploitable CRON[14503]: pam_unix(cron:session): session closed for user root
Jun 24 20:02:01 metasploitable CRON[14536]: pam_unix(cron:session): session opened for user root by (uid=0)
Jun 24 20:02:01 metasploitable CRON[14536]: pam_unix(cron:session): session closed for user root
Jun 24 20:09:01 metasploitable CRON[14547]: pam_unix(cron:session): session opened for user root by (uid=0)
Jun 24 20:09:01 metasploitable CRON[14547]: pam_unix(cron:session): session closed for user root
Jun 24 20:17:01 metasploitable CRON[14566]: pam_unix(cron:session): session opened for user root by (uid=0)
Jun 24 20:17:01 metasploitable CRON[14566]: pam_unix(cron:session): session closed for user root
Jun 24 20:39:01 metasploitable CRON[14591]: pam_unix(cron:session): session opened for user root by (uid=0)
Jun 24 20:39:01 metasploitable CRON[14591]: pam_unix(cron:session): session closed for user root
Jun 24 21:09:01 metasploitable CRON[14633]: pam_unix(cron:session): session opened for user root by (uid=0)
Jun 24 21:09:01 metasploitable CRON[14633]: pam_unix(cron:session): session closed for user root
Jun 24 21:17:01 metasploitable CRON[14653]: pam_unix(cron:session): session opened for user root by (uid=0)
Jun 24 21:17:01 metasploitable CRON[14653]: pam_unix(cron:session): session closed for user root
Jun 24 21:39:01 metasploitable CRON[14678]: pam_unix(cron:session): session opened for user root by (uid=0)
Jun 24 21:39:01 metasploitable CRON[14678]: pam_unix(cron:session): session closed for user root
Jun 24 22:09:01 metasploitable CRON[14719]: pam_unix(cron:session): session opened for user root by (uid=0)
Jun 24 22:09:01 metasploitable CRON[14719]: pam_unix(cron:session): session closed for user root
Jun 24 22:17:01 metasploitable CRON[14739]: pam_unix(cron:session): session opened for user root by (uid=0)
Jun 24 22:17:01 metasploitable CRON[14739]: pam_unix(cron:session): session closed for user root
Jun 24 22:39:01 metasploitable CRON[14763]: pam_unix(cron:session): session opened for user root by (uid=0)
Jun 24 22:39:01 metasploitable CRON[14763]: pam_unix(cron:session): session closed for user root
Jun 24 23:09:01 metasploitable CRON[14803]: pam_unix(cron:session): session opened for user root by (uid=0)
Jun 24 23:09:01 metasploitable CRON[14803]: pam_unix(cron:session): session closed for user root
Jun 24 23:17:01 metasploitable CRON[14822]: pam_unix(cron:session): session opened for user root by (uid=0)
Jun 24 23:17:01 metasploitable CRON[14822]: pam_unix(cron:session): session closed for user root
Jun 24 23:39:01 metasploitable CRON[14847]: pam_unix(cron:session): session opened for user root by (uid=0)
Jun 24 23:39:01 metasploitable CRON[14847]: pam_unix(cron:session): session closed for user root
Jun 25 00:02:01 metasploitable CRON[14882]: pam_unix(cron:session): session opened for user root by (uid=0)
Jun 25 00:02:01 metasploitable CRON[14882]: pam_unix(cron:session): session closed for user root
Jun 25 00:09:01 metasploitable CRON[14892]: pam_unix(cron:session): session opened for user root by (uid=0)
Jun 25 00:09:01 metasploitable CRON[14892]: pam_unix(cron:session): session closed for user root
Jun 25 00:17:01 metasploitable CRON[14911]: pam_unix(cron:session): session opened for user root by (uid=0)
Jun 25 00:17:01 metasploitable CRON[14911]: pam_unix(cron:session): session closed for user root
Jun 25 00:39:01 metasploitable CRON[14937]: pam_unix(cron:session): session opened for user root by (uid=0)
Jun 25 00:39:01 metasploitable CRON[14937]: pam_unix(cron:session): session closed for user root
Jun 25 01:09:01 metasploitable CRON[14977]: pam_unix(cron:session): session opened for user root by (uid=0)
Jun 25 01:09:01 metasploitable CRON[14977]: pam_unix(cron:session): session closed for user root
Jun 25 01:17:01 metasploitable CRON[14996]: pam_unix(cron:session): session opened for user root by (uid=0)
Jun 25 01:17:01 metasploitable CRON[14996]: pam_unix(cron:session): session closed for user root
Jun 25 01:39:01 metasploitable CRON[15020]: pam_unix(cron:session): session opened for user root by (uid=0)
Jun 25 01:39:01 metasploitable CRON[15020]: pam_unix(cron:session): session closed for user root
Jun 25 02:09:02 metasploitable CRON[15061]: pam_unix(cron:session): session opened for user root by (uid=0)
Jun 25 02:09:02 metasploitable CRON[15061]: pam_unix(cron:session): session closed for user root
Jun 25 02:17:01 metasploitable CRON[15081]: pam_unix(cron:session): session opened for user root by (uid=0)
Jun 25 02:17:01 metasploitable CRON[15081]: pam_unix(cron:session): session closed for user root
Jun 25 02:39:01 metasploitable CRON[15106]: pam_unix(cron:session): session opened for user root by (uid=0)
Jun 25 02:39:01 metasploitable CRON[15106]: pam_unix(cron:session): session closed for user root
Jun 25 03:09:01 metasploitable CRON[15145]: pam_unix(cron:session): session opened for user root by (uid=0)
Jun 25 03:09:01 metasploitable CRON[15145]: pam_unix(cron:session): session closed for user root
Jun 25 03:17:01 metasploitable CRON[15164]: pam_unix(cron:session): session opened for user root by (uid=0)
Jun 25 03:17:01 metasploitable CRON[15164]: pam_unix(cron:session): session closed for user root
Jun 25 03:39:01 metasploitable CRON[15189]: pam_unix(cron:session): session opened for user root by (uid=0)
Jun 25 03:39:01 metasploitable CRON[15189]: pam_unix(cron:session): session closed for user root
Jun 25 04:09:01 metasploitable CRON[15228]: pam_unix(cron:session): session opened for user root by (uid=0)
Jun 25 04:09:01 metasploitable CRON[15228]: pam_unix(cron:session): session closed for user root
Jun 25 04:17:01 metasploitable CRON[15248]: pam_unix(cron:session): session opened for user root by (uid=0)
Jun 25 04:17:01 metasploitable CRON[15248]: pam_unix(cron:session): session closed for user root
Jun 25 04:39:01 metasploitable CRON[15273]: pam_unix(cron:session): session opened for user root by (uid=0)
Jun 25 04:39:01 metasploitable CRON[15273]: pam_unix(cron:session): session closed for user root
Jun 25 05:02:01 metasploitable CRON[15304]: pam_unix(cron:session): session opened for user root by (uid=0)
Jun 25 05:02:01 metasploitable CRON[15304]: pam_unix(cron:session): session closed for user root
Jun 25 05:09:01 metasploitable CRON[15315]: pam_unix(cron:session): session opened for user root by (uid=0)
Jun 25 05:09:01 metasploitable CRON[15315]: pam_unix(cron:session): session closed for user root
Jun 25 05:17:01 metasploitable CRON[15335]: pam_unix(cron:session): session opened for user root by (uid=0)
Jun 25 05:17:01 metasploitable CRON[15335]: pam_unix(cron:session): session closed for user root
Jun 25 05:39:01 metasploitable CRON[15359]: pam_unix(cron:session): session opened for user root by (uid=0)
Jun 25 05:39:01 metasploitable CRON[15359]: pam_unix(cron:session): session closed for user root
Jun 25 06:09:01 metasploitable CRON[15400]: pam_unix(cron:session): session opened for user root by (uid=0)
Jun 25 06:09:01 metasploitable CRON[15400]: pam_unix(cron:session): session closed for user root
Jun 25 06:17:01 metasploitable CRON[15420]: pam_unix(cron:session): session opened for user root by (uid=0)
Jun 25 06:17:01 metasploitable CRON[15420]: pam_unix(cron:session): session closed for user root
Jun 25 06:25:01 metasploitable CRON[15431]: pam_unix(cron:session): session opened for user root by (uid=0)
Jun 25 06:25:01 metasploitable sudo:     root : TTY=unknown ; PWD=/ ; USER=msfadmin ; COMMAND=/usr/bin/gconftool --get /system/http_proxy/use_http_proxy
Jun 25 06:25:01 metasploitable sudo: pam_unix(sudo:session): session opened for user msfadmin by (uid=0)
Jun 25 06:25:01 metasploitable sudo: pam_unix(sudo:session): session closed for user msfadmin
Jun 25 06:25:01 metasploitable sudo:     root : TTY=unknown ; PWD=/ ; USER=msfadmin ; COMMAND=/usr/bin/gconftool --get /system/http_proxy/host
Jun 25 06:25:01 metasploitable sudo: pam_unix(sudo:session): session opened for user msfadmin by (uid=0)
Jun 25 06:25:01 metasploitable sudo: pam_unix(sudo:session): session closed for user msfadmin
Jun 25 06:25:01 metasploitable sudo:     root : TTY=unknown ; PWD=/ ; USER=msfadmin ; COMMAND=/usr/bin/gconftool --get /system/http_proxy/port
Jun 25 06:25:01 metasploitable sudo: pam_unix(sudo:session): session opened for user msfadmin by (uid=0)
Jun 25 06:25:01 metasploitable sudo: pam_unix(sudo:session): session closed for user msfadmin
Jun 25 06:39:01 metasploitable CRON[15468]: pam_unix(cron:session): session opened for user root by (uid=0)
Jun 25 06:39:01 metasploitable CRON[15468]: pam_unix(cron:session): session closed for user root
Jun 25 06:54:58 metasploitable CRON[15431]: pam_unix(cron:session): session closed for user root
Jun 25 07:09:01 metasploitable CRON[15613]: pam_unix(cron:session): session opened for user root by (uid=0)
Jun 25 07:09:01 metasploitable CRON[15613]: pam_unix(cron:session): session closed for user root
Jun 25 07:17:01 metasploitable CRON[15632]: pam_unix(cron:session): session opened for user root by (uid=0)
Jun 25 07:17:01 metasploitable CRON[15632]: pam_unix(cron:session): session closed for user root
Jun 25 07:39:01 metasploitable CRON[15656]: pam_unix(cron:session): session opened for user root by (uid=0)
Jun 25 07:39:01 metasploitable CRON[15656]: pam_unix(cron:session): session closed for user root
Jun 25 08:09:01 metasploitable CRON[15695]: pam_unix(cron:session): session opened for user root by (uid=0)
Jun 25 08:09:01 metasploitable CRON[15695]: pam_unix(cron:session): session closed for user root
Jun 25 08:17:01 metasploitable CRON[15714]: pam_unix(cron:session): session opened for user root by (uid=0)
Jun 25 08:17:01 metasploitable CRON[15714]: pam_unix(cron:session): session closed for user root
Jun 25 08:39:01 metasploitable CRON[15740]: pam_unix(cron:session): session opened for user root by (uid=0)
Jun 25 08:39:01 metasploitable CRON[15740]: pam_unix(cron:session): session closed for user root
Jun 25 09:09:01 metasploitable CRON[15779]: pam_unix(cron:session): session opened for user root by (uid=0)
Jun 25 09:09:01 metasploitable CRON[15779]: pam_unix(cron:session): session closed for user root
Jun 25 09:17:01 metasploitable CRON[15799]: pam_unix(cron:session): session opened for user root by (uid=0)
Jun 25 09:17:01 metasploitable CRON[15799]: pam_unix(cron:session): session closed for user root
Jun 25 09:39:01 metasploitable CRON[15823]: pam_unix(cron:session): session opened for user root by (uid=0)
Jun 25 09:39:01 metasploitable CRON[15823]: pam_unix(cron:session): session closed for user root
Jun 25 10:02:02 metasploitable CRON[15857]: pam_unix(cron:session): session opened for user root by (uid=0)
Jun 25 10:02:02 metasploitable CRON[15857]: pam_unix(cron:session): session closed for user root
Jun 25 10:09:01 metasploitable CRON[15867]: pam_unix(cron:session): session opened for user root by (uid=0)
Jun 25 10:09:01 metasploitable CRON[15867]: pam_unix(cron:session): session closed for user root
Jun 25 10:17:01 metasploitable CRON[15887]: pam_unix(cron:session): session opened for user root by (uid=0)
Jun 25 10:17:01 metasploitable CRON[15887]: pam_unix(cron:session): session closed for user root
Jun 25 10:39:01 metasploitable CRON[15910]: pam_unix(cron:session): session opened for user root by (uid=0)
Jun 25 10:39:01 metasploitable CRON[15910]: pam_unix(cron:session): session closed for user root
Jun 25 11:09:01 metasploitable CRON[15951]: pam_unix(cron:session): session opened for user root by (uid=0)
Jun 25 11:09:01 metasploitable CRON[15951]: pam_unix(cron:session): session closed for user root
Jun 25 11:17:01 metasploitable CRON[15970]: pam_unix(cron:session): session opened for user root by (uid=0)
Jun 25 11:17:01 metasploitable CRON[15970]: pam_unix(cron:session): session closed for user root
Jun 25 11:39:01 metasploitable CRON[15993]: pam_unix(cron:session): session opened for user root by (uid=0)
Jun 25 11:39:01 metasploitable CRON[15993]: pam_unix(cron:session): session closed for user root
Jun 25 12:09:01 metasploitable CRON[16034]: pam_unix(cron:session): session opened for user root by (uid=0)
Jun 25 12:09:01 metasploitable CRON[16034]: pam_unix(cron:session): session closed for user root
Jun 25 12:17:01 metasploitable CRON[16054]: pam_unix(cron:session): session opened for user root by (uid=0)
Jun 25 12:17:01 metasploitable CRON[16054]: pam_unix(cron:session): session closed for user root
Jun 25 12:39:01 metasploitable CRON[16078]: pam_unix(cron:session): session opened for user root by (uid=0)
Jun 25 12:39:01 metasploitable CRON[16078]: pam_unix(cron:session): session closed for user root
Jun 25 13:09:01 metasploitable CRON[16120]: pam_unix(cron:session): session opened for user root by (uid=0)
Jun 25 13:09:01 metasploitable CRON[16120]: pam_unix(cron:session): session closed for user root
Jun 25 13:17:01 metasploitable CRON[16140]: pam_unix(cron:session): session opened for user root by (uid=0)
Jun 25 13:17:01 metasploitable CRON[16140]: pam_unix(cron:session): session closed for user root
Jun 25 13:39:01 metasploitable CRON[16164]: pam_unix(cron:session): session opened for user root by (uid=0)
Jun 25 13:39:01 metasploitable CRON[16164]: pam_unix(cron:session): session closed for user root
Jun 25 14:09:01 metasploitable CRON[16203]: pam_unix(cron:session): session opened for user root by (uid=0)
Jun 25 14:09:01 metasploitable CRON[16203]: pam_unix(cron:session): session closed for user root
Jun 25 14:17:01 metasploitable CRON[16223]: pam_unix(cron:session): session opened for user root by (uid=0)
Jun 25 14:17:01 metasploitable CRON[16223]: pam_unix(cron:session): session closed for user root
Jun 25 14:39:01 metasploitable CRON[16247]: pam_unix(cron:session): session opened for user root by (uid=0)
Jun 25 14:39:01 metasploitable CRON[16247]: pam_unix(cron:session): session closed for user root
Jun 25 15:02:01 metasploitable CRON[16281]: pam_unix(cron:session): session opened for user root by (uid=0)
Jun 25 15:02:01 metasploitable CRON[16281]: pam_unix(cron:session): session closed for user root
Jun 25 15:09:01 metasploitable CRON[16290]: pam_unix(cron:session): session opened for user root by (uid=0)
Jun 25 15:09:01 metasploitable CRON[16290]: pam_unix(cron:session): session closed for user root
Jun 25 15:17:01 metasploitable CRON[16310]: pam_unix(cron:session): session opened for user root by (uid=0)
Jun 25 15:17:01 metasploitable CRON[16310]: pam_unix(cron:session): session closed for user root
Jun 25 15:39:01 metasploitable CRON[16336]: pam_unix(cron:session): session opened for user root by (uid=0)
Jun 25 15:39:01 metasploitable CRON[16336]: pam_unix(cron:session): session closed for user root
Jun 25 16:09:01 metasploitable CRON[16375]: pam_unix(cron:session): session opened for user root by (uid=0)
Jun 25 16:09:01 metasploitable CRON[16375]: pam_unix(cron:session): session closed for user root
Jun 25 16:17:01 metasploitable CRON[16394]: pam_unix(cron:session): session opened for user root by (uid=0)
Jun 25 16:17:01 metasploitable CRON[16394]: pam_unix(cron:session): session closed for user root
Jun 25 16:39:01 metasploitable CRON[16417]: pam_unix(cron:session): session opened for user root by (uid=0)
Jun 25 16:39:01 metasploitable CRON[16417]: pam_unix(cron:session): session closed for user root
Jun 25 17:09:01 metasploitable CRON[16458]: pam_unix(cron:session): session opened for user root by (uid=0)
Jun 25 17:09:01 metasploitable CRON[16458]: pam_unix(cron:session): session closed for user root
Jun 25 17:17:01 metasploitable CRON[16478]: pam_unix(cron:session): session opened for user root by (uid=0)
Jun 25 17:17:01 metasploitable CRON[16478]: pam_unix(cron:session): session closed for user root
Jun 25 17:39:01 metasploitable CRON[16502]: pam_unix(cron:session): session opened for user root by (uid=0)
Jun 25 17:39:01 metasploitable CRON[16502]: pam_unix(cron:session): session closed for user root
Jun 25 18:09:01 metasploitable CRON[16542]: pam_unix(cron:session): session opened for user root by (uid=0)
Jun 25 18:09:01 metasploitable CRON[16542]: pam_unix(cron:session): session closed for user root
Jun 25 18:17:01 metasploitable CRON[16562]: pam_unix(cron:session): session opened for user root by (uid=0)
Jun 25 18:17:01 metasploitable CRON[16562]: pam_unix(cron:session): session closed for user root
Jun 25 18:39:01 metasploitable CRON[16587]: pam_unix(cron:session): session opened for user root by (uid=0)
Jun 25 18:39:01 metasploitable CRON[16587]: pam_unix(cron:session): session closed for user root
Jun 25 19:09:01 metasploitable CRON[16629]: pam_unix(cron:session): session opened for user root by (uid=0)
Jun 25 19:09:01 metasploitable CRON[16629]: pam_unix(cron:session): session closed for user root
Jun 25 19:17:01 metasploitable CRON[16649]: pam_unix(cron:session): session opened for user root by (uid=0)
Jun 25 19:17:01 metasploitable CRON[16649]: pam_unix(cron:session): session closed for user root
Jun 25 19:39:01 metasploitable CRON[16672]: pam_unix(cron:session): session opened for user root by (uid=0)
Jun 25 19:39:01 metasploitable CRON[16672]: pam_unix(cron:session): session closed for user root
Jun 25 20:02:01 metasploitable CRON[16707]: pam_unix(cron:session): session opened for user root by (uid=0)
Jun 25 20:02:01 metasploitable CRON[16707]: pam_unix(cron:session): session closed for user root
Jun 25 20:09:01 metasploitable CRON[16718]: pam_unix(cron:session): session opened for user root by (uid=0)
Jun 25 20:09:01 metasploitable CRON[16718]: pam_unix(cron:session): session closed for user root
Jun 25 20:17:01 metasploitable CRON[16737]: pam_unix(cron:session): session opened for user root by (uid=0)
Jun 25 20:17:01 metasploitable CRON[16737]: pam_unix(cron:session): session closed for user root
Jun 25 20:39:01 metasploitable CRON[16761]: pam_unix(cron:session): session opened for user root by (uid=0)
Jun 25 20:39:01 metasploitable CRON[16761]: pam_unix(cron:session): session closed for user root
Jun 25 21:09:01 metasploitable CRON[16803]: pam_unix(cron:session): session opened for user root by (uid=0)
Jun 25 21:09:01 metasploitable CRON[16803]: pam_unix(cron:session): session closed for user root
Jun 25 21:17:01 metasploitable CRON[16822]: pam_unix(cron:session): session opened for user root by (uid=0)
Jun 25 21:17:01 metasploitable CRON[16822]: pam_unix(cron:session): session closed for user root
Jun 25 21:39:01 metasploitable CRON[16846]: pam_unix(cron:session): session opened for user root by (uid=0)
Jun 25 21:39:01 metasploitable CRON[16846]: pam_unix(cron:session): session closed for user root
Jun 25 22:09:01 metasploitable CRON[16888]: pam_unix(cron:session): session opened for user root by (uid=0)
Jun 25 22:09:01 metasploitable CRON[16888]: pam_unix(cron:session): session closed for user root
Jun 25 22:17:01 metasploitable CRON[16906]: pam_unix(cron:session): session opened for user root by (uid=0)
Jun 25 22:17:01 metasploitable CRON[16906]: pam_unix(cron:session): session closed for user root
Jun 25 22:39:01 metasploitable CRON[16929]: pam_unix(cron:session): session opened for user root by (uid=0)
Jun 25 22:39:01 metasploitable CRON[16929]: pam_unix(cron:session): session closed for user root
Jun 25 23:09:01 metasploitable CRON[16969]: pam_unix(cron:session): session opened for user root by (uid=0)
Jun 25 23:09:01 metasploitable CRON[16969]: pam_unix(cron:session): session closed for user root
Jun 25 23:17:01 metasploitable CRON[16989]: pam_unix(cron:session): session opened for user root by (uid=0)
Jun 25 23:17:01 metasploitable CRON[16989]: pam_unix(cron:session): session closed for user root
Jun 25 23:39:01 metasploitable CRON[17014]: pam_unix(cron:session): session opened for user root by (uid=0)
Jun 25 23:39:01 metasploitable CRON[17014]: pam_unix(cron:session): session closed for user root
Jun 26 00:02:01 metasploitable CRON[17047]: pam_unix(cron:session): session opened for user root by (uid=0)
Jun 26 00:02:01 metasploitable CRON[17047]: pam_unix(cron:session): session closed for user root
Jun 26 00:09:01 metasploitable CRON[17057]: pam_unix(cron:session): session opened for user root by (uid=0)
Jun 26 00:09:01 metasploitable CRON[17057]: pam_unix(cron:session): session closed for user root
Jun 26 00:17:01 metasploitable CRON[17077]: pam_unix(cron:session): session opened for user root by (uid=0)
Jun 26 00:17:01 metasploitable CRON[17077]: pam_unix(cron:session): session closed for user root
Jun 26 00:39:01 metasploitable CRON[17100]: pam_unix(cron:session): session opened for user root by (uid=0)
Jun 26 00:39:01 metasploitable CRON[17100]: pam_unix(cron:session): session closed for user root
Jun 26 01:09:01 metasploitable CRON[17142]: pam_unix(cron:session): session opened for user root by (uid=0)
Jun 26 01:09:01 metasploitable CRON[17142]: pam_unix(cron:session): session closed for user root
Jun 26 01:17:01 metasploitable CRON[17161]: pam_unix(cron:session): session opened for user root by (uid=0)
Jun 26 01:17:01 metasploitable CRON[17161]: pam_unix(cron:session): session closed for user root
Jun 26 01:39:01 metasploitable CRON[17187]: pam_unix(cron:session): session opened for user root by (uid=0)
Jun 26 01:39:01 metasploitable CRON[17187]: pam_unix(cron:session): session closed for user root
Jun 26 02:09:01 metasploitable CRON[17227]: pam_unix(cron:session): session opened for user root by (uid=0)
Jun 26 02:09:01 metasploitable CRON[17227]: pam_unix(cron:session): session closed for user root
Jun 26 02:17:01 metasploitable CRON[17247]: pam_unix(cron:session): session opened for user root by (uid=0)
Jun 26 02:17:01 metasploitable CRON[17247]: pam_unix(cron:session): session closed for user root
Jun 26 02:39:01 metasploitable CRON[17271]: pam_unix(cron:session): session opened for user root by (uid=0)
Jun 26 02:39:01 metasploitable CRON[17271]: pam_unix(cron:session): session closed for user root
Jun 26 03:09:01 metasploitable CRON[17311]: pam_unix(cron:session): session opened for user root by (uid=0)
Jun 26 03:09:01 metasploitable CRON[17311]: pam_unix(cron:session): session closed for user root
Jun 26 03:17:01 metasploitable CRON[17331]: pam_unix(cron:session): session opened for user root by (uid=0)
Jun 26 03:17:01 metasploitable CRON[17331]: pam_unix(cron:session): session closed for user root
Jun 26 03:39:01 metasploitable CRON[17354]: pam_unix(cron:session): session opened for user root by (uid=0)
Jun 26 03:39:01 metasploitable CRON[17354]: pam_unix(cron:session): session closed for user root
Jun 26 04:09:01 metasploitable CRON[17394]: pam_unix(cron:session): session opened for user root by (uid=0)
Jun 26 04:09:01 metasploitable CRON[17394]: pam_unix(cron:session): session closed for user root
Jun 26 04:17:01 metasploitable CRON[17413]: pam_unix(cron:session): session opened for user root by (uid=0)
Jun 26 04:17:01 metasploitable CRON[17413]: pam_unix(cron:session): session closed for user root
Jun 26 04:39:01 metasploitable CRON[17437]: pam_unix(cron:session): session opened for user root by (uid=0)
Jun 26 04:39:01 metasploitable CRON[17437]: pam_unix(cron:session): session closed for user root
Jun 26 05:02:01 metasploitable CRON[17471]: pam_unix(cron:session): session opened for user root by (uid=0)
Jun 26 05:02:01 metasploitable CRON[17471]: pam_unix(cron:session): session closed for user root
Jun 26 05:09:01 metasploitable CRON[17482]: pam_unix(cron:session): session opened for user root by (uid=0)
Jun 26 05:09:01 metasploitable CRON[17482]: pam_unix(cron:session): session closed for user root
Jun 26 05:17:01 metasploitable CRON[17502]: pam_unix(cron:session): session opened for user root by (uid=0)
Jun 26 05:17:01 metasploitable CRON[17502]: pam_unix(cron:session): session closed for user root
Jun 26 05:39:01 metasploitable CRON[17524]: pam_unix(cron:session): session opened for user root by (uid=0)
Jun 26 05:39:01 metasploitable CRON[17524]: pam_unix(cron:session): session closed for user root
Jun 26 06:09:01 metasploitable CRON[17564]: pam_unix(cron:session): session opened for user root by (uid=0)
Jun 26 06:09:01 metasploitable CRON[17564]: pam_unix(cron:session): session closed for user root
Jun 26 06:17:01 metasploitable CRON[17584]: pam_unix(cron:session): session opened for user root by (uid=0)
Jun 26 06:17:01 metasploitable CRON[17584]: pam_unix(cron:session): session closed for user root
Jun 26 06:25:01 metasploitable CRON[17596]: pam_unix(cron:session): session opened for user root by (uid=0)
Jun 26 06:25:02 metasploitable sudo:     root : TTY=unknown ; PWD=/ ; USER=msfadmin ; COMMAND=/usr/bin/gconftool --get /system/http_proxy/use_http_proxy
Jun 26 06:25:02 metasploitable sudo: pam_unix(sudo:session): session opened for user msfadmin by (uid=0)
Jun 26 06:25:02 metasploitable sudo: pam_unix(sudo:session): session closed for user msfadmin
Jun 26 06:25:02 metasploitable sudo:     root : TTY=unknown ; PWD=/ ; USER=msfadmin ; COMMAND=/usr/bin/gconftool --get /system/http_proxy/host
Jun 26 06:25:02 metasploitable sudo: pam_unix(sudo:session): session opened for user msfadmin by (uid=0)
Jun 26 06:25:02 metasploitable sudo: pam_unix(sudo:session): session closed for user msfadmin
Jun 26 06:25:02 metasploitable sudo:     root : TTY=unknown ; PWD=/ ; USER=msfadmin ; COMMAND=/usr/bin/gconftool --get /system/http_proxy/port
Jun 26 06:25:02 metasploitable sudo: pam_unix(sudo:session): session opened for user msfadmin by (uid=0)
Jun 26 06:25:02 metasploitable sudo: pam_unix(sudo:session): session closed for user msfadmin
Jun 26 06:39:01 metasploitable CRON[17635]: pam_unix(cron:session): session opened for user root by (uid=0)
Jun 26 06:39:01 metasploitable CRON[17635]: pam_unix(cron:session): session closed for user root
Jun 26 06:41:21 metasploitable CRON[17596]: pam_unix(cron:session): session closed for user root
Jun 26 07:09:01 metasploitable CRON[17782]: pam_unix(cron:session): session opened for user root by (uid=0)
Jun 26 07:09:01 metasploitable CRON[17782]: pam_unix(cron:session): session closed for user root
Jun 26 07:17:01 metasploitable CRON[17802]: pam_unix(cron:session): session opened for user root by (uid=0)
Jun 26 07:17:01 metasploitable CRON[17802]: pam_unix(cron:session): session closed for user root
Jun 26 07:39:01 metasploitable CRON[17824]: pam_unix(cron:session): session opened for user root by (uid=0)
Jun 26 07:39:01 metasploitable CRON[17824]: pam_unix(cron:session): session closed for user root
Jun 26 08:09:01 metasploitable CRON[17867]: pam_unix(cron:session): session opened for user root by (uid=0)
Jun 26 08:09:01 metasploitable CRON[17867]: pam_unix(cron:session): session closed for user root
Jun 26 08:17:01 metasploitable CRON[17887]: pam_unix(cron:session): session opened for user root by (uid=0)
Jun 26 08:17:01 metasploitable CRON[17887]: pam_unix(cron:session): session closed for user root
Jun 26 08:39:01 metasploitable CRON[17911]: pam_unix(cron:session): session opened for user root by (uid=0)
Jun 26 08:39:01 metasploitable CRON[17911]: pam_unix(cron:session): session closed for user root
Jun 26 09:09:01 metasploitable CRON[17953]: pam_unix(cron:session): session opened for user root by (uid=0)
Jun 26 09:09:01 metasploitable CRON[17953]: pam_unix(cron:session): session closed for user root
Jun 26 09:17:01 metasploitable CRON[17973]: pam_unix(cron:session): session opened for user root by (uid=0)
Jun 26 09:17:01 metasploitable CRON[17973]: pam_unix(cron:session): session closed for user root
Jun 26 09:39:01 metasploitable CRON[17999]: pam_unix(cron:session): session opened for user root by (uid=0)
Jun 26 09:39:01 metasploitable CRON[17999]: pam_unix(cron:session): session closed for user root
Jun 26 10:02:01 metasploitable CRON[18032]: pam_unix(cron:session): session opened for user root by (uid=0)
Jun 26 10:02:01 metasploitable CRON[18032]: pam_unix(cron:session): session closed for user root
Jun 26 10:09:01 metasploitable CRON[18043]: pam_unix(cron:session): session opened for user root by (uid=0)
Jun 26 10:09:01 metasploitable CRON[18043]: pam_unix(cron:session): session closed for user root
Jun 26 10:17:01 metasploitable CRON[18062]: pam_unix(cron:session): session opened for user root by (uid=0)
Jun 26 10:17:01 metasploitable CRON[18062]: pam_unix(cron:session): session closed for user root
Jun 26 10:39:01 metasploitable CRON[18086]: pam_unix(cron:session): session opened for user root by (uid=0)
Jun 26 10:39:01 metasploitable CRON[18086]: pam_unix(cron:session): session closed for user root
Jun 26 11:09:01 metasploitable CRON[18126]: pam_unix(cron:session): session opened for user root by (uid=0)
Jun 26 11:09:01 metasploitable CRON[18126]: pam_unix(cron:session): session closed for user root
Jun 26 11:17:01 metasploitable CRON[18146]: pam_unix(cron:session): session opened for user root by (uid=0)
Jun 26 11:17:01 metasploitable CRON[18146]: pam_unix(cron:session): session closed for user root
Jun 26 11:39:01 metasploitable CRON[18169]: pam_unix(cron:session): session opened for user root by (uid=0)
Jun 26 11:39:01 metasploitable CRON[18169]: pam_unix(cron:session): session closed for user root
Jun 26 12:09:01 metasploitable CRON[18207]: pam_unix(cron:session): session opened for user root by (uid=0)
Jun 26 12:09:01 metasploitable CRON[18207]: pam_unix(cron:session): session closed for user root
Jun 26 12:17:01 metasploitable CRON[18227]: pam_unix(cron:session): session opened for user root by (uid=0)
Jun 26 12:17:01 metasploitable CRON[18227]: pam_unix(cron:session): session closed for user root
Jun 26 12:39:01 metasploitable CRON[18251]: pam_unix(cron:session): session opened for user root by (uid=0)
Jun 26 12:39:01 metasploitable CRON[18251]: pam_unix(cron:session): session closed for user root
Jun 26 13:09:01 metasploitable CRON[18294]: pam_unix(cron:session): session opened for user root by (uid=0)
Jun 26 13:09:01 metasploitable CRON[18294]: pam_unix(cron:session): session closed for user root
Jun 26 13:17:01 metasploitable CRON[18313]: pam_unix(cron:session): session opened for user root by (uid=0)
Jun 26 13:17:01 metasploitable CRON[18313]: pam_unix(cron:session): session closed for user root
Jun 26 13:39:01 metasploitable CRON[18338]: pam_unix(cron:session): session opened for user root by (uid=0)
Jun 26 13:39:01 metasploitable CRON[18338]: pam_unix(cron:session): session closed for user root
Jun 26 14:09:01 metasploitable CRON[18378]: pam_unix(cron:session): session opened for user root by (uid=0)
Jun 26 14:09:01 metasploitable CRON[18378]: pam_unix(cron:session): session closed for user root
Jun 26 14:17:01 metasploitable CRON[18398]: pam_unix(cron:session): session opened for user root by (uid=0)
Jun 26 14:17:01 metasploitable CRON[18398]: pam_unix(cron:session): session closed for user root
Jun 26 14:39:01 metasploitable CRON[18423]: pam_unix(cron:session): session opened for user root by (uid=0)
Jun 26 14:39:01 metasploitable CRON[18423]: pam_unix(cron:session): session closed for user root
Jun 26 15:02:02 metasploitable CRON[18457]: pam_unix(cron:session): session opened for user root by (uid=0)
Jun 26 15:02:02 metasploitable CRON[18457]: pam_unix(cron:session): session closed for user root
Jun 26 15:09:01 metasploitable CRON[18468]: pam_unix(cron:session): session opened for user root by (uid=0)
Jun 26 15:09:01 metasploitable CRON[18468]: pam_unix(cron:session): session closed for user root
Jun 26 15:17:01 metasploitable CRON[18487]: pam_unix(cron:session): session opened for user root by (uid=0)
Jun 26 15:17:01 metasploitable CRON[18487]: pam_unix(cron:session): session closed for user root
Jun 26 15:39:01 metasploitable CRON[18510]: pam_unix(cron:session): session opened for user root by (uid=0)
Jun 26 15:39:01 metasploitable CRON[18510]: pam_unix(cron:session): session closed for user root
Jun 26 16:09:01 metasploitable CRON[18548]: pam_unix(cron:session): session opened for user root by (uid=0)
Jun 26 16:09:01 metasploitable CRON[18548]: pam_unix(cron:session): session closed for user root
Jun 26 16:17:01 metasploitable CRON[18568]: pam_unix(cron:session): session opened for user root by (uid=0)
Jun 26 16:17:01 metasploitable CRON[18568]: pam_unix(cron:session): session closed for user root
Jun 26 16:39:01 metasploitable CRON[18592]: pam_unix(cron:session): session opened for user root by (uid=0)
Jun 26 16:39:01 metasploitable CRON[18592]: pam_unix(cron:session): session closed for user root
Jun 26 17:09:01 metasploitable CRON[18634]: pam_unix(cron:session): session opened for user root by (uid=0)
Jun 26 17:09:01 metasploitable CRON[18634]: pam_unix(cron:session): session closed for user root
Jun 26 17:17:01 metasploitable CRON[18653]: pam_unix(cron:session): session opened for user root by (uid=0)
Jun 26 17:17:01 metasploitable CRON[18653]: pam_unix(cron:session): session closed for user root
Jun 26 17:39:01 metasploitable CRON[18677]: pam_unix(cron:session): session opened for user root by (uid=0)
Jun 26 17:39:01 metasploitable CRON[18677]: pam_unix(cron:session): session closed for user root
Jun 26 18:09:01 metasploitable CRON[18718]: pam_unix(cron:session): session opened for user root by (uid=0)
Jun 26 18:09:01 metasploitable CRON[18718]: pam_unix(cron:session): session closed for user root
Jun 26 18:17:01 metasploitable CRON[18738]: pam_unix(cron:session): session opened for user root by (uid=0)
Jun 26 18:17:01 metasploitable CRON[18738]: pam_unix(cron:session): session closed for user root
Jun 26 18:39:01 metasploitable CRON[18763]: pam_unix(cron:session): session opened for user root by (uid=0)
Jun 26 18:39:01 metasploitable CRON[18763]: pam_unix(cron:session): session closed for user root
Jun 26 19:09:01 metasploitable CRON[18804]: pam_unix(cron:session): session opened for user root by (uid=0)
Jun 26 19:09:01 metasploitable CRON[18804]: pam_unix(cron:session): session closed for user root
Jun 26 19:17:01 metasploitable CRON[18822]: pam_unix(cron:session): session opened for user root by (uid=0)
Jun 26 19:17:01 metasploitable CRON[18822]: pam_unix(cron:session): session closed for user root
Jun 26 19:39:01 metasploitable CRON[18846]: pam_unix(cron:session): session opened for user root by (uid=0)
Jun 26 19:39:01 metasploitable CRON[18846]: pam_unix(cron:session): session closed for user root
Jun 26 20:02:01 metasploitable CRON[18879]: pam_unix(cron:session): session opened for user root by (uid=0)
Jun 26 20:02:01 metasploitable CRON[18879]: pam_unix(cron:session): session closed for user root
Jun 26 20:09:01 metasploitable CRON[18889]: pam_unix(cron:session): session opened for user root by (uid=0)
Jun 26 20:09:01 metasploitable CRON[18889]: pam_unix(cron:session): session closed for user root
Jun 26 20:17:01 metasploitable CRON[18909]: pam_unix(cron:session): session opened for user root by (uid=0)
Jun 26 20:17:01 metasploitable CRON[18909]: pam_unix(cron:session): session closed for user root
Jun 26 20:39:01 metasploitable CRON[18934]: pam_unix(cron:session): session opened for user root by (uid=0)
Jun 26 20:39:01 metasploitable CRON[18934]: pam_unix(cron:session): session closed for user root
Jun 26 21:09:01 metasploitable CRON[18974]: pam_unix(cron:session): session opened for user root by (uid=0)
Jun 26 21:09:01 metasploitable CRON[18974]: pam_unix(cron:session): session closed for user root
Jun 26 21:17:01 metasploitable CRON[18994]: pam_unix(cron:session): session opened for user root by (uid=0)
Jun 26 21:17:01 metasploitable CRON[18994]: pam_unix(cron:session): session closed for user root
Jun 26 21:39:01 metasploitable CRON[19017]: pam_unix(cron:session): session opened for user root by (uid=0)
Jun 26 21:39:01 metasploitable CRON[19017]: pam_unix(cron:session): session closed for user root
Jun 26 22:09:01 metasploitable CRON[19058]: pam_unix(cron:session): session opened for user root by (uid=0)
Jun 26 22:09:01 metasploitable CRON[19058]: pam_unix(cron:session): session closed for user root
Jun 26 22:17:01 metasploitable CRON[19077]: pam_unix(cron:session): session opened for user root by (uid=0)
Jun 26 22:17:01 metasploitable CRON[19077]: pam_unix(cron:session): session closed for user root
Jun 26 22:39:01 metasploitable CRON[19101]: pam_unix(cron:session): session opened for user root by (uid=0)
Jun 26 22:39:01 metasploitable CRON[19101]: pam_unix(cron:session): session closed for user root
Jun 26 23:09:01 metasploitable CRON[19144]: pam_unix(cron:session): session opened for user root by (uid=0)
Jun 26 23:09:01 metasploitable CRON[19144]: pam_unix(cron:session): session closed for user root
Jun 26 23:17:01 metasploitable CRON[19164]: pam_unix(cron:session): session opened for user root by (uid=0)
Jun 26 23:17:01 metasploitable CRON[19164]: pam_unix(cron:session): session closed for user root
Jun 26 23:39:01 metasploitable CRON[19188]: pam_unix(cron:session): session opened for user root by (uid=0)
Jun 26 23:39:01 metasploitable CRON[19188]: pam_unix(cron:session): session closed for user root
Jun 27 00:02:01 metasploitable CRON[19223]: pam_unix(cron:session): session opened for user root by (uid=0)
Jun 27 00:02:01 metasploitable CRON[19223]: pam_unix(cron:session): session closed for user root
Jun 27 00:09:01 metasploitable CRON[19234]: pam_unix(cron:session): session opened for user root by (uid=0)
Jun 27 00:09:01 metasploitable CRON[19234]: pam_unix(cron:session): session closed for user root
Jun 27 00:17:01 metasploitable CRON[19254]: pam_unix(cron:session): session opened for user root by (uid=0)
Jun 27 00:17:01 metasploitable CRON[19254]: pam_unix(cron:session): session closed for user root
Jun 27 00:39:01 metasploitable CRON[19279]: pam_unix(cron:session): session opened for user root by (uid=0)
Jun 27 00:39:01 metasploitable CRON[19279]: pam_unix(cron:session): session closed for user root
Jun 27 01:09:01 metasploitable CRON[19320]: pam_unix(cron:session): session opened for user root by (uid=0)
Jun 27 01:09:01 metasploitable CRON[19320]: pam_unix(cron:session): session closed for user root
Jun 27 01:17:01 metasploitable CRON[19339]: pam_unix(cron:session): session opened for user root by (uid=0)
Jun 27 01:17:01 metasploitable CRON[19339]: pam_unix(cron:session): session closed for user root
Jun 27 01:39:01 metasploitable CRON[19364]: pam_unix(cron:session): session opened for user root by (uid=0)
Jun 27 01:39:01 metasploitable CRON[19364]: pam_unix(cron:session): session closed for user root
Jun 27 02:09:01 metasploitable CRON[19406]: pam_unix(cron:session): session opened for user root by (uid=0)
Jun 27 02:09:01 metasploitable CRON[19406]: pam_unix(cron:session): session closed for user root
Jun 27 02:17:01 metasploitable CRON[19427]: pam_unix(cron:session): session opened for user root by (uid=0)
Jun 27 02:17:01 metasploitable CRON[19427]: pam_unix(cron:session): session closed for user root
Jun 27 02:39:01 metasploitable CRON[19451]: pam_unix(cron:session): session opened for user root by (uid=0)
Jun 27 02:39:01 metasploitable CRON[19451]: pam_unix(cron:session): session closed for user root
Jun 27 03:09:01 metasploitable CRON[19490]: pam_unix(cron:session): session opened for user root by (uid=0)
Jun 27 03:09:01 metasploitable CRON[19490]: pam_unix(cron:session): session closed for user root
Jun 27 03:17:01 metasploitable CRON[19509]: pam_unix(cron:session): session opened for user root by (uid=0)
Jun 27 03:17:01 metasploitable CRON[19509]: pam_unix(cron:session): session closed for user root
Jun 27 03:39:01 metasploitable CRON[19533]: pam_unix(cron:session): session opened for user root by (uid=0)
Jun 27 03:39:01 metasploitable CRON[19533]: pam_unix(cron:session): session closed for user root
Jun 27 04:09:01 metasploitable CRON[19573]: pam_unix(cron:session): session opened for user root by (uid=0)
Jun 27 04:09:01 metasploitable CRON[19573]: pam_unix(cron:session): session closed for user root
Jun 27 04:17:01 metasploitable CRON[19593]: pam_unix(cron:session): session opened for user root by (uid=0)
Jun 27 04:17:01 metasploitable CRON[19593]: pam_unix(cron:session): session closed for user root
Jun 27 04:39:01 metasploitable CRON[19616]: pam_unix(cron:session): session opened for user root by (uid=0)
Jun 27 04:39:01 metasploitable CRON[19616]: pam_unix(cron:session): session closed for user root
Jun 27 05:02:01 metasploitable CRON[19650]: pam_unix(cron:session): session opened for user root by (uid=0)
Jun 27 05:02:01 metasploitable CRON[19650]: pam_unix(cron:session): session closed for user root
Jun 27 05:09:01 metasploitable CRON[19661]: pam_unix(cron:session): session opened for user root by (uid=0)
Jun 27 05:09:01 metasploitable CRON[19661]: pam_unix(cron:session): session closed for user root
Jun 27 05:17:01 metasploitable CRON[19680]: pam_unix(cron:session): session opened for user root by (uid=0)
Jun 27 05:17:01 metasploitable CRON[19680]: pam_unix(cron:session): session closed for user root
Jun 27 05:39:01 metasploitable CRON[19706]: pam_unix(cron:session): session opened for user root by (uid=0)
Jun 27 05:39:01 metasploitable CRON[19706]: pam_unix(cron:session): session closed for user root
Jun 27 06:09:01 metasploitable CRON[19747]: pam_unix(cron:session): session opened for user root by (uid=0)
Jun 27 06:09:01 metasploitable CRON[19747]: pam_unix(cron:session): session closed for user root
Jun 27 06:17:01 metasploitable CRON[19766]: pam_unix(cron:session): session opened for user root by (uid=0)
Jun 27 06:17:01 metasploitable CRON[19766]: pam_unix(cron:session): session closed for user root
Jun 27 06:25:01 metasploitable CRON[19777]: pam_unix(cron:session): session opened for user root by (uid=0)
Jun 27 06:25:01 metasploitable sudo:     root : TTY=unknown ; PWD=/ ; USER=msfadmin ; COMMAND=/usr/bin/gconftool --get /system/http_proxy/use_http_proxy
Jun 27 06:25:01 metasploitable sudo: pam_unix(sudo:session): session opened for user msfadmin by (uid=0)
Jun 27 06:25:01 metasploitable sudo: pam_unix(sudo:session): session closed for user msfadmin
Jun 27 06:25:01 metasploitable sudo:     root : TTY=unknown ; PWD=/ ; USER=msfadmin ; COMMAND=/usr/bin/gconftool --get /system/http_proxy/host
Jun 27 06:25:01 metasploitable sudo: pam_unix(sudo:session): session opened for user msfadmin by (uid=0)
Jun 27 06:25:01 metasploitable sudo: pam_unix(sudo:session): session closed for user msfadmin
Jun 27 06:25:01 metasploitable sudo:     root : TTY=unknown ; PWD=/ ; USER=msfadmin ; COMMAND=/usr/bin/gconftool --get /system/http_proxy/port
Jun 27 06:25:01 metasploitable sudo: pam_unix(sudo:session): session opened for user msfadmin by (uid=0)
Jun 27 06:25:01 metasploitable sudo: pam_unix(sudo:session): session closed for user msfadmin
Jun 27 06:27:35 metasploitable CRON[19777]: pam_unix(cron:session): session closed for user root
Jun 27 06:39:01 metasploitable CRON[19922]: pam_unix(cron:session): session opened for user root by (uid=0)
Jun 27 06:39:01 metasploitable CRON[19922]: pam_unix(cron:session): session closed for user root
Jun 27 07:09:01 metasploitable CRON[19962]: pam_unix(cron:session): session opened for user root by (uid=0)
Jun 27 07:09:01 metasploitable CRON[19962]: pam_unix(cron:session): session closed for user root
Jun 27 07:17:01 metasploitable CRON[19983]: pam_unix(cron:session): session opened for user root by (uid=0)
Jun 27 07:17:01 metasploitable CRON[19983]: pam_unix(cron:session): session closed for user root
Jun 27 07:39:01 metasploitable CRON[20007]: pam_unix(cron:session): session opened for user root by (uid=0)
Jun 27 07:39:01 metasploitable CRON[20007]: pam_unix(cron:session): session closed for user root
Jun 27 08:09:01 metasploitable CRON[20048]: pam_unix(cron:session): session opened for user root by (uid=0)
Jun 27 08:09:01 metasploitable CRON[20048]: pam_unix(cron:session): session closed for user root
Jun 27 08:17:01 metasploitable CRON[20068]: pam_unix(cron:session): session opened for user root by (uid=0)
Jun 27 08:17:01 metasploitable CRON[20068]: pam_unix(cron:session): session closed for user root
Jun 27 08:39:01 metasploitable CRON[20091]: pam_unix(cron:session): session opened for user root by (uid=0)
Jun 27 08:39:01 metasploitable CRON[20091]: pam_unix(cron:session): session closed for user root
Jun 27 09:09:01 metasploitable CRON[20132]: pam_unix(cron:session): session opened for user root by (uid=0)
Jun 27 09:09:01 metasploitable CRON[20132]: pam_unix(cron:session): session closed for user root
Jun 27 09:17:01 metasploitable CRON[20151]: pam_unix(cron:session): session opened for user root by (uid=0)
Jun 27 09:17:01 metasploitable CRON[20151]: pam_unix(cron:session): session closed for user root
Jun 27 09:39:01 metasploitable CRON[20175]: pam_unix(cron:session): session opened for user root by (uid=0)
Jun 27 09:39:01 metasploitable CRON[20175]: pam_unix(cron:session): session closed for user root
Jun 27 10:02:01 metasploitable CRON[20208]: pam_unix(cron:session): session opened for user root by (uid=0)
Jun 27 10:02:01 metasploitable CRON[20208]: pam_unix(cron:session): session closed for user root
Jun 27 10:09:01 metasploitable CRON[20219]: pam_unix(cron:session): session opened for user root by (uid=0)
Jun 27 10:09:01 metasploitable CRON[20219]: pam_unix(cron:session): session closed for user root
Jun 27 10:17:01 metasploitable CRON[20238]: pam_unix(cron:session): session opened for user root by (uid=0)
Jun 27 10:17:01 metasploitable CRON[20238]: pam_unix(cron:session): session closed for user root
Jun 27 10:39:01 metasploitable CRON[20263]: pam_unix(cron:session): session opened for user root by (uid=0)
Jun 27 10:39:01 metasploitable CRON[20263]: pam_unix(cron:session): session closed for user root
Jun 27 11:09:01 metasploitable CRON[20303]: pam_unix(cron:session): session opened for user root by (uid=0)
Jun 27 11:09:01 metasploitable CRON[20303]: pam_unix(cron:session): session closed for user root
Jun 27 11:17:01 metasploitable CRON[20323]: pam_unix(cron:session): session opened for user root by (uid=0)
Jun 27 11:17:01 metasploitable CRON[20323]: pam_unix(cron:session): session closed for user root
Jun 27 11:39:01 metasploitable CRON[20345]: pam_unix(cron:session): session opened for user root by (uid=0)
Jun 27 11:39:01 metasploitable CRON[20345]: pam_unix(cron:session): session closed for user root
Jun 27 12:09:01 metasploitable CRON[20387]: pam_unix(cron:session): session opened for user root by (uid=0)
Jun 27 12:09:01 metasploitable CRON[20387]: pam_unix(cron:session): session closed for user root
Jun 27 12:17:01 metasploitable CRON[20408]: pam_unix(cron:session): session opened for user root by (uid=0)
Jun 27 12:17:01 metasploitable CRON[20408]: pam_unix(cron:session): session closed for user root
Jun 27 12:39:01 metasploitable CRON[20432]: pam_unix(cron:session): session opened for user root by (uid=0)
Jun 27 12:39:01 metasploitable CRON[20432]: pam_unix(cron:session): session closed for user root
Jun 27 13:09:01 metasploitable CRON[20472]: pam_unix(cron:session): session opened for user root by (uid=0)
Jun 27 13:09:01 metasploitable CRON[20472]: pam_unix(cron:session): session closed for user root
Jun 27 13:17:01 metasploitable CRON[20492]: pam_unix(cron:session): session opened for user root by (uid=0)
Jun 27 13:17:01 metasploitable CRON[20492]: pam_unix(cron:session): session closed for user root
Jun 27 13:39:01 metasploitable CRON[20516]: pam_unix(cron:session): session opened for user root by (uid=0)
Jun 27 13:39:01 metasploitable CRON[20516]: pam_unix(cron:session): session closed for user root
Jun 27 14:09:01 metasploitable CRON[20558]: pam_unix(cron:session): session opened for user root by (uid=0)
Jun 27 14:09:01 metasploitable CRON[20558]: pam_unix(cron:session): session closed for user root
Jun 27 14:17:01 metasploitable CRON[20577]: pam_unix(cron:session): session opened for user root by (uid=0)
Jun 27 14:17:01 metasploitable CRON[20577]: pam_unix(cron:session): session closed for user root
Jun 27 14:39:01 metasploitable CRON[20602]: pam_unix(cron:session): session opened for user root by (uid=0)
Jun 27 14:39:01 metasploitable CRON[20602]: pam_unix(cron:session): session closed for user root
Jun 27 15:02:01 metasploitable CRON[20636]: pam_unix(cron:session): session opened for user root by (uid=0)
Jun 27 15:02:01 metasploitable CRON[20636]: pam_unix(cron:session): session closed for user root
Jun 27 15:09:01 metasploitable CRON[20646]: pam_unix(cron:session): session opened for user root by (uid=0)
Jun 27 15:09:01 metasploitable CRON[20646]: pam_unix(cron:session): session closed for user root
Jun 27 15:17:01 metasploitable CRON[20666]: pam_unix(cron:session): session opened for user root by (uid=0)
Jun 27 15:17:01 metasploitable CRON[20666]: pam_unix(cron:session): session closed for user root
Jun 27 15:39:01 metasploitable CRON[20689]: pam_unix(cron:session): session opened for user root by (uid=0)
Jun 27 15:39:01 metasploitable CRON[20689]: pam_unix(cron:session): session closed for user root
Jun 27 16:09:01 metasploitable CRON[20728]: pam_unix(cron:session): session opened for user root by (uid=0)
Jun 27 16:09:01 metasploitable CRON[20728]: pam_unix(cron:session): session closed for user root
Jun 27 16:17:01 metasploitable CRON[20747]: pam_unix(cron:session): session opened for user root by (uid=0)
Jun 27 16:17:01 metasploitable CRON[20747]: pam_unix(cron:session): session closed for user root
Jun 27 16:39:01 metasploitable CRON[20772]: pam_unix(cron:session): session opened for user root by (uid=0)
Jun 27 16:39:01 metasploitable CRON[20772]: pam_unix(cron:session): session closed for user root
Jun 27 17:09:01 metasploitable CRON[20814]: pam_unix(cron:session): session opened for user root by (uid=0)
Jun 27 17:09:01 metasploitable CRON[20814]: pam_unix(cron:session): session closed for user root
Jun 27 17:17:01 metasploitable CRON[20835]: pam_unix(cron:session): session opened for user root by (uid=0)
Jun 27 17:17:01 metasploitable CRON[20835]: pam_unix(cron:session): session closed for user root
Jun 27 17:39:01 metasploitable CRON[20859]: pam_unix(cron:session): session opened for user root by (uid=0)
Jun 27 17:39:01 metasploitable CRON[20859]: pam_unix(cron:session): session closed for user root
Jun 27 18:09:01 metasploitable CRON[20900]: pam_unix(cron:session): session opened for user root by (uid=0)
Jun 27 18:09:01 metasploitable CRON[20900]: pam_unix(cron:session): session closed for user root
Jun 27 18:17:01 metasploitable CRON[20920]: pam_unix(cron:session): session opened for user root by (uid=0)
Jun 27 18:17:01 metasploitable CRON[20920]: pam_unix(cron:session): session closed for user root
Jun 27 18:39:01 metasploitable CRON[20942]: pam_unix(cron:session): session opened for user root by (uid=0)
Jun 27 18:39:01 metasploitable CRON[20942]: pam_unix(cron:session): session closed for user root
Jun 27 19:09:01 metasploitable CRON[20983]: pam_unix(cron:session): session opened for user root by (uid=0)
Jun 27 19:09:01 metasploitable CRON[20983]: pam_unix(cron:session): session closed for user root
Jun 27 19:17:01 metasploitable CRON[21003]: pam_unix(cron:session): session opened for user root by (uid=0)
Jun 27 19:17:01 metasploitable CRON[21003]: pam_unix(cron:session): session closed for user root
Jun 27 19:39:01 metasploitable CRON[21026]: pam_unix(cron:session): session opened for user root by (uid=0)
Jun 27 19:39:01 metasploitable CRON[21026]: pam_unix(cron:session): session closed for user root
Jun 27 20:02:01 metasploitable CRON[21059]: pam_unix(cron:session): session opened for user root by (uid=0)
Jun 27 20:02:01 metasploitable CRON[21059]: pam_unix(cron:session): session closed for user root
Jun 27 20:09:01 metasploitable CRON[21070]: pam_unix(cron:session): session opened for user root by (uid=0)
Jun 27 20:09:01 metasploitable CRON[21070]: pam_unix(cron:session): session closed for user root
Jun 27 20:17:01 metasploitable CRON[21090]: pam_unix(cron:session): session opened for user root by (uid=0)
Jun 27 20:17:01 metasploitable CRON[21090]: pam_unix(cron:session): session closed for user root
Jun 27 20:39:01 metasploitable CRON[21114]: pam_unix(cron:session): session opened for user root by (uid=0)
Jun 27 20:39:01 metasploitable CRON[21114]: pam_unix(cron:session): session closed for user root
Jun 27 21:09:01 metasploitable CRON[21153]: pam_unix(cron:session): session opened for user root by (uid=0)
Jun 27 21:09:01 metasploitable CRON[21153]: pam_unix(cron:session): session closed for user root
Jun 27 21:17:01 metasploitable CRON[21173]: pam_unix(cron:session): session opened for user root by (uid=0)
Jun 27 21:17:01 metasploitable CRON[21173]: pam_unix(cron:session): session closed for user root
Jun 27 21:39:01 metasploitable CRON[21197]: pam_unix(cron:session): session opened for user root by (uid=0)
Jun 27 21:39:01 metasploitable CRON[21197]: pam_unix(cron:session): session closed for user root
Jun 27 22:09:01 metasploitable CRON[21236]: pam_unix(cron:session): session opened for user root by (uid=0)
Jun 27 22:09:01 metasploitable CRON[21236]: pam_unix(cron:session): session closed for user root
Jun 27 22:17:01 metasploitable CRON[21256]: pam_unix(cron:session): session opened for user root by (uid=0)
Jun 27 22:17:01 metasploitable CRON[21256]: pam_unix(cron:session): session closed for user root
Jun 27 22:39:01 metasploitable CRON[21279]: pam_unix(cron:session): session opened for user root by (uid=0)
Jun 27 22:39:01 metasploitable CRON[21279]: pam_unix(cron:session): session closed for user root
Jun 27 23:09:01 metasploitable CRON[21321]: pam_unix(cron:session): session opened for user root by (uid=0)
Jun 27 23:09:01 metasploitable CRON[21321]: pam_unix(cron:session): session closed for user root
Jun 27 23:17:01 metasploitable CRON[21341]: pam_unix(cron:session): session opened for user root by (uid=0)
Jun 27 23:17:01 metasploitable CRON[21341]: pam_unix(cron:session): session closed for user root
Jun 27 23:39:01 metasploitable CRON[21365]: pam_unix(cron:session): session opened for user root by (uid=0)
Jun 27 23:39:01 metasploitable CRON[21365]: pam_unix(cron:session): session closed for user root
Jun 28 00:02:01 metasploitable CRON[21401]: pam_unix(cron:session): session opened for user root by (uid=0)
Jun 28 00:02:01 metasploitable CRON[21401]: pam_unix(cron:session): session closed for user root
Jun 28 00:09:01 metasploitable CRON[21411]: pam_unix(cron:session): session opened for user root by (uid=0)
Jun 28 00:09:01 metasploitable CRON[21411]: pam_unix(cron:session): session closed for user root
Jun 28 00:17:01 metasploitable CRON[21430]: pam_unix(cron:session): session opened for user root by (uid=0)
Jun 28 00:17:01 metasploitable CRON[21430]: pam_unix(cron:session): session closed for user root
Jun 28 00:39:01 metasploitable CRON[21453]: pam_unix(cron:session): session opened for user root by (uid=0)
Jun 28 00:39:01 metasploitable CRON[21453]: pam_unix(cron:session): session closed for user root
Jun 28 01:09:01 metasploitable CRON[21493]: pam_unix(cron:session): session opened for user root by (uid=0)
Jun 28 01:09:01 metasploitable CRON[21493]: pam_unix(cron:session): session closed for user root
Jun 28 01:17:01 metasploitable CRON[21513]: pam_unix(cron:session): session opened for user root by (uid=0)
Jun 28 01:17:01 metasploitable CRON[21513]: pam_unix(cron:session): session closed for user root
Jun 28 01:39:01 metasploitable CRON[21536]: pam_unix(cron:session): session opened for user root by (uid=0)
Jun 28 01:39:01 metasploitable CRON[21536]: pam_unix(cron:session): session closed for user root
Jun 28 02:09:01 metasploitable CRON[21578]: pam_unix(cron:session): session opened for user root by (uid=0)
Jun 28 02:09:01 metasploitable CRON[21578]: pam_unix(cron:session): session closed for user root
Jun 28 02:17:01 metasploitable CRON[21597]: pam_unix(cron:session): session opened for user root by (uid=0)
Jun 28 02:17:01 metasploitable CRON[21597]: pam_unix(cron:session): session closed for user root
Jun 28 02:39:01 metasploitable CRON[21622]: pam_unix(cron:session): session opened for user root by (uid=0)
Jun 28 02:39:01 metasploitable CRON[21622]: pam_unix(cron:session): session closed for user root
Jun 28 03:09:01 metasploitable CRON[21664]: pam_unix(cron:session): session opened for user root by (uid=0)
Jun 28 03:09:01 metasploitable CRON[21664]: pam_unix(cron:session): session closed for user root
Jun 28 03:17:01 metasploitable CRON[21685]: pam_unix(cron:session): session opened for user root by (uid=0)
Jun 28 03:17:01 metasploitable CRON[21685]: pam_unix(cron:session): session closed for user root
Jun 28 03:39:01 metasploitable CRON[21709]: pam_unix(cron:session): session opened for user root by (uid=0)
Jun 28 03:39:01 metasploitable CRON[21709]: pam_unix(cron:session): session closed for user root
Jun 28 04:09:01 metasploitable CRON[21750]: pam_unix(cron:session): session opened for user root by (uid=0)
Jun 28 04:09:01 metasploitable CRON[21750]: pam_unix(cron:session): session closed for user root
Jun 28 04:17:01 metasploitable CRON[21769]: pam_unix(cron:session): session opened for user root by (uid=0)
Jun 28 04:17:01 metasploitable CRON[21769]: pam_unix(cron:session): session closed for user root
Jun 28 04:39:01 metasploitable CRON[21793]: pam_unix(cron:session): session opened for user root by (uid=0)
Jun 28 04:39:01 metasploitable CRON[21793]: pam_unix(cron:session): session closed for user root
Jun 28 05:02:01 metasploitable CRON[21828]: pam_unix(cron:session): session opened for user root by (uid=0)
Jun 28 05:02:01 metasploitable CRON[21828]: pam_unix(cron:session): session closed for user root
Jun 28 05:09:01 metasploitable CRON[21839]: pam_unix(cron:session): session opened for user root by (uid=0)
Jun 28 05:09:01 metasploitable CRON[21839]: pam_unix(cron:session): session closed for user root
Jun 28 05:17:01 metasploitable CRON[21858]: pam_unix(cron:session): session opened for user root by (uid=0)
Jun 28 05:17:01 metasploitable CRON[21858]: pam_unix(cron:session): session closed for user root
Jun 28 05:39:01 metasploitable CRON[21881]: pam_unix(cron:session): session opened for user root by (uid=0)
Jun 28 05:39:01 metasploitable CRON[21881]: pam_unix(cron:session): session closed for user root
Jun 28 06:09:01 metasploitable CRON[21923]: pam_unix(cron:session): session opened for user root by (uid=0)
Jun 28 06:09:01 metasploitable CRON[21923]: pam_unix(cron:session): session closed for user root
Jun 28 06:17:01 metasploitable CRON[21942]: pam_unix(cron:session): session opened for user root by (uid=0)
Jun 28 06:17:01 metasploitable CRON[21942]: pam_unix(cron:session): session closed for user root
Jun 28 06:25:01 metasploitable CRON[21953]: pam_unix(cron:session): session opened for user root by (uid=0)
Jun 28 06:25:01 metasploitable sudo:     root : TTY=unknown ; PWD=/ ; USER=msfadmin ; COMMAND=/usr/bin/gconftool --get /system/http_proxy/use_http_proxy
Jun 28 06:25:01 metasploitable sudo: pam_unix(sudo:session): session opened for user msfadmin by (uid=0)
Jun 28 06:25:01 metasploitable sudo: pam_unix(sudo:session): session closed for user msfadmin
Jun 28 06:25:01 metasploitable sudo:     root : TTY=unknown ; PWD=/ ; USER=msfadmin ; COMMAND=/usr/bin/gconftool --get /system/http_proxy/host
Jun 28 06:25:01 metasploitable sudo: pam_unix(sudo:session): session opened for user msfadmin by (uid=0)
Jun 28 06:25:01 metasploitable sudo: pam_unix(sudo:session): session closed for user msfadmin
Jun 28 06:25:01 metasploitable sudo:     root : TTY=unknown ; PWD=/ ; USER=msfadmin ; COMMAND=/usr/bin/gconftool --get /system/http_proxy/port
Jun 28 06:25:01 metasploitable sudo: pam_unix(sudo:session): session opened for user msfadmin by (uid=0)
Jun 28 06:25:01 metasploitable sudo: pam_unix(sudo:session): session closed for user msfadmin
Jun 28 06:39:01 metasploitable CRON[21991]: pam_unix(cron:session): session opened for user root by (uid=0)
Jun 28 06:39:01 metasploitable CRON[21991]: pam_unix(cron:session): session closed for user root
Jun 28 06:50:41 metasploitable CRON[21953]: pam_unix(cron:session): session closed for user root
Jun 28 07:09:01 metasploitable CRON[22136]: pam_unix(cron:session): session opened for user root by (uid=0)
Jun 28 07:09:01 metasploitable CRON[22136]: pam_unix(cron:session): session closed for user root
Jun 28 07:17:01 metasploitable CRON[22155]: pam_unix(cron:session): session opened for user root by (uid=0)
Jun 28 07:17:01 metasploitable CRON[22155]: pam_unix(cron:session): session closed for user root
Jun 28 07:39:01 metasploitable CRON[22179]: pam_unix(cron:session): session opened for user root by (uid=0)
Jun 28 07:39:01 metasploitable CRON[22179]: pam_unix(cron:session): session closed for user root
Jun 28 08:09:01 metasploitable CRON[22219]: pam_unix(cron:session): session opened for user root by (uid=0)
Jun 28 08:09:01 metasploitable CRON[22219]: pam_unix(cron:session): session closed for user root
Jun 28 08:17:01 metasploitable CRON[22239]: pam_unix(cron:session): session opened for user root by (uid=0)
Jun 28 08:17:01 metasploitable CRON[22239]: pam_unix(cron:session): session closed for user root
Jun 28 08:39:01 metasploitable CRON[22264]: pam_unix(cron:session): session opened for user root by (uid=0)
Jun 28 08:39:01 metasploitable CRON[22264]: pam_unix(cron:session): session closed for user root
Jun 28 09:09:01 metasploitable CRON[22306]: pam_unix(cron:session): session opened for user root by (uid=0)
Jun 28 09:09:01 metasploitable CRON[22306]: pam_unix(cron:session): session closed for user root
Jun 28 09:17:01 metasploitable CRON[22325]: pam_unix(cron:session): session opened for user root by (uid=0)
Jun 28 09:17:01 metasploitable CRON[22325]: pam_unix(cron:session): session closed for user root
Jun 28 09:39:01 metasploitable CRON[22349]: pam_unix(cron:session): session opened for user root by (uid=0)
Jun 28 09:39:01 metasploitable CRON[22349]: pam_unix(cron:session): session closed for user root
Jun 28 10:02:01 metasploitable CRON[22382]: pam_unix(cron:session): session opened for user root by (uid=0)
Jun 28 10:02:01 metasploitable CRON[22382]: pam_unix(cron:session): session closed for user root
Jun 28 10:09:01 metasploitable CRON[22393]: pam_unix(cron:session): session opened for user root by (uid=0)
Jun 28 10:09:01 metasploitable CRON[22393]: pam_unix(cron:session): session closed for user root
Jun 28 10:17:01 metasploitable CRON[22415]: pam_unix(cron:session): session opened for user root by (uid=0)
Jun 28 10:17:01 metasploitable CRON[22415]: pam_unix(cron:session): session closed for user root
Jun 28 10:17:02 metasploitable sshd[22413]: Accepted password for msfadmin from 172.16.255.1 port 59279 ssh2
Jun 28 10:17:02 metasploitable sshd[22418]: pam_unix(sshd:session): session opened for user msfadmin by (uid=0)
Jun 28 10:22:54 metasploitable sshd[22418]: Received disconnect from 172.16.255.1: 11: disconnected by user
Jun 28 10:22:54 metasploitable sshd[22418]: pam_unix(sshd:session): session closed for user msfadmin
Jun 28 10:35:16 metasploitable sshd[22443]: Accepted password for msfadmin from 172.16.255.1 port 49445 ssh2
Jun 28 10:35:16 metasploitable sshd[22445]: pam_unix(sshd:session): session opened for user msfadmin by (uid=0)
Jun 28 10:35:16 metasploitable sshd[22445]: pam_unix(sshd:session): session closed for user msfadmin
Jun 28 10:35:40 metasploitable sshd[22447]: Accepted password for msfadmin from 172.16.255.1 port 49448 ssh2
Jun 28 10:35:40 metasploitable sshd[22449]: pam_unix(sshd:session): session opened for user msfadmin by (uid=0)
Jun 28 10:35:41 metasploitable sshd[22449]: pam_unix(sshd:session): session closed for user msfadmin
Jun 28 10:39:01 metasploitable CRON[22455]: pam_unix(cron:session): session opened for user root by (uid=0)
Jun 28 10:39:01 metasploitable CRON[22455]: pam_unix(cron:session): session closed for user root
Jun 28 10:50:35 metasploitable sshd[22477]: Accepted password for msfadmin from 172.16.255.1 port 49529 ssh2
Jun 28 10:50:35 metasploitable sshd[22479]: pam_unix(sshd:session): session opened for user msfadmin by (uid=0)
Jun 28 10:50:35 metasploitable sshd[22479]: pam_unix(sshd:session): session closed for user msfadmin
Jun 28 10:58:27 metasploitable sshd[22487]: Accepted password for msfadmin from 172.16.255.1 port 49577 ssh2
Jun 28 10:58:27 metasploitable sshd[22489]: pam_unix(sshd:session): session opened for user msfadmin by (uid=0)
Jun 28 10:58:27 metasploitable sshd[22489]: pam_unix(sshd:session): session closed for user msfadmin
Jun 28 11:07:04 metasploitable sshd[22500]: Accepted password for msfadmin from 172.16.255.1 port 49625 ssh2
Jun 28 11:07:04 metasploitable sshd[22502]: pam_unix(sshd:session): session opened for user msfadmin by (uid=0)
Jun 28 11:07:04 metasploitable sshd[22502]: pam_unix(sshd:session): session closed for user msfadmin
Jun 28 11:07:06 metasploitable sshd[22504]: Accepted password for msfadmin from 172.16.255.1 port 49626 ssh2
Jun 28 11:07:06 metasploitable sshd[22506]: pam_unix(sshd:session): session opened for user msfadmin by (uid=0)
Jun 28 11:07:06 metasploitable sshd[22506]: pam_unix(sshd:session): session closed for user msfadmin
Jun 28 11:09:01 metasploitable CRON[22510]: pam_unix(cron:session): session opened for user root by (uid=0)
Jun 28 11:09:01 metasploitable CRON[22510]: pam_unix(cron:session): session closed for user root
Jun 28 11:09:36 metasploitable sshd[22522]: Accepted password for msfadmin from 172.16.255.1 port 49650 ssh2
Jun 28 11:09:36 metasploitable sshd[22524]: pam_unix(sshd:session): session opened for user msfadmin by (uid=0)
Jun 28 11:09:36 metasploitable sshd[22524]: pam_unix(sshd:session): session closed for user msfadmin
Jun 28 11:09:53 metasploitable sshd[22526]: Accepted password for msfadmin from 172.16.255.1 port 49652 ssh2
Jun 28 11:09:53 metasploitable sshd[22528]: pam_unix(sshd:session): session opened for user msfadmin by (uid=0)
Jun 28 11:09:53 metasploitable sshd[22528]: pam_unix(sshd:session): session closed for user msfadmin
Jun 28 11:10:00 metasploitable sshd[22530]: Accepted password for msfadmin from 172.16.255.1 port 49653 ssh2
Jun 28 11:10:00 metasploitable sshd[22532]: pam_unix(sshd:session): session opened for user msfadmin by (uid=0)
Jun 28 11:10:00 metasploitable sshd[22532]: pam_unix(sshd:session): session closed for user msfadmin
Jun 28 11:17:01 metasploitable CRON[22541]: pam_unix(cron:session): session opened for user root by (uid=0)
Jun 28 11:17:01 metasploitable CRON[22541]: pam_unix(cron:session): session closed for user root
Jun 28 11:39:01 metasploitable CRON[22566]: pam_unix(cron:session): session opened for user root by (uid=0)
Jun 28 11:39:01 metasploitable CRON[22566]: pam_unix(cron:session): session closed for user root
Jun 28 12:09:01 metasploitable CRON[22607]: pam_unix(cron:session): session opened for user root by (uid=0)
Jun 28 12:09:01 metasploitable CRON[22607]: pam_unix(cron:session): session closed for user root
Jun 28 12:17:01 metasploitable CRON[22625]: pam_unix(cron:session): session opened for user root by (uid=0)
Jun 28 12:17:01 metasploitable CRON[22625]: pam_unix(cron:session): session closed for user root
Jun 28 12:39:01 metasploitable CRON[22650]: pam_unix(cron:session): session opened for user root by (uid=0)
Jun 28 12:39:01 metasploitable CRON[22650]: pam_unix(cron:session): session closed for user root
Jun 28 13:09:01 metasploitable CRON[22689]: pam_unix(cron:session): session opened for user root by (uid=0)
Jun 28 13:09:01 metasploitable CRON[22689]: pam_unix(cron:session): session closed for user root
Jun 28 13:17:01 metasploitable CRON[22709]: pam_unix(cron:session): session opened for user root by (uid=0)
Jun 28 13:17:01 metasploitable CRON[22709]: pam_unix(cron:session): session closed for user root
Jun 28 13:39:01 metasploitable CRON[22731]: pam_unix(cron:session): session opened for user root by (uid=0)
Jun 28 13:39:01 metasploitable CRON[22731]: pam_unix(cron:session): session closed for user root
Jun 28 14:02:45 metasploitable sshd[22765]: Accepted password for msfadmin from 172.16.255.1 port 50803 ssh2
Jun 28 14:02:45 metasploitable sshd[22767]: pam_unix(sshd:session): session opened for user msfadmin by (uid=0)
Jun 28 14:02:45 metasploitable sshd[22767]: pam_unix(sshd:session): session closed for user msfadmin
Jun 28 14:02:58 metasploitable sshd[22770]: Accepted password for msfadmin from 172.16.255.1 port 50805 ssh2
Jun 28 14:02:58 metasploitable sshd[22772]: pam_unix(sshd:session): session opened for user msfadmin by (uid=0)
Jun 28 14:02:58 metasploitable sshd[22772]: pam_unix(sshd:session): session closed for user msfadmin
Jun 28 14:04:27 metasploitable sshd[22775]: Accepted password for msfadmin from 172.16.255.1 port 50811 ssh2
Jun 28 14:04:27 metasploitable sshd[22777]: pam_unix(sshd:session): session opened for user msfadmin by (uid=0)
Jun 28 14:04:27 metasploitable sshd[22777]: pam_unix(sshd:session): session closed for user msfadmin
Jun 28 14:09:01 metasploitable CRON[22784]: pam_unix(cron:session): session opened for user root by (uid=0)
Jun 28 14:09:01 metasploitable CRON[22784]: pam_unix(cron:session): session closed for user root
Jun 28 14:12:22 metasploitable sshd[22799]: Accepted password for msfadmin from 172.16.255.1 port 50848 ssh2
Jun 28 14:12:22 metasploitable sshd[22801]: pam_unix(sshd:session): session opened for user msfadmin by (uid=0)
Jun 28 14:17:01 metasploitable CRON[22811]: pam_unix(cron:session): session opened for user root by (uid=0)
Jun 28 14:17:01 metasploitable CRON[22811]: pam_unix(cron:session): session closed for user root
Jun 28 14:18:52 metasploitable sshd[22820]: Accepted password for msfadmin from 172.16.255.1 port 50871 ssh2
Jun 28 14:18:52 metasploitable sshd[22822]: pam_unix(sshd:session): session opened for user msfadmin by (uid=0)
Jun 28 14:18:52 metasploitable sshd[22822]: pam_unix(sshd:session): session closed for user msfadmin
Jun 28 14:39:01 metasploitable CRON[22843]: pam_unix(cron:session): session opened for user root by (uid=0)
Jun 28 14:39:01 metasploitable CRON[22843]: pam_unix(cron:session): session closed for user root
Jun 28 14:41:51 metasploitable sshd[22857]: Accepted password for msfadmin from 172.16.255.1 port 51036 ssh2
Jun 28 14:41:51 metasploitable sshd[22859]: pam_unix(sshd:session): session opened for user msfadmin by (uid=0)
Jun 28 14:41:51 metasploitable sshd[22859]: pam_unix(sshd:session): session closed for user msfadmin
Jun 28 14:43:57 metasploitable sshd[22865]: Accepted password for msfadmin from 172.16.255.1 port 51046 ssh2
Jun 28 14:43:57 metasploitable sshd[22867]: pam_unix(sshd:session): session opened for user msfadmin by (uid=0)
Jun 28 14:43:57 metasploitable sshd[22867]: pam_unix(sshd:session): session closed for user msfadmin
Jun 28 14:45:22 metasploitable sshd[22877]: Accepted password for msfadmin from 172.16.255.1 port 51055 ssh2
Jun 28 14:45:22 metasploitable sshd[22879]: pam_unix(sshd:session): session opened for user msfadmin by (uid=0)
Jun 28 14:45:22 metasploitable sshd[22879]: pam_unix(sshd:session): session closed for user msfadmin
Jun 28 14:45:30 metasploitable sshd[22890]: Accepted password for msfadmin from 172.16.255.1 port 51057 ssh2
Jun 28 14:45:30 metasploitable sshd[22892]: pam_unix(sshd:session): session opened for user msfadmin by (uid=0)
Jun 28 14:45:31 metasploitable sshd[22892]: pam_unix(sshd:session): session closed for user msfadmin
Jun 28 14:45:37 metasploitable sshd[22904]: Accepted password for msfadmin from 172.16.255.1 port 51058 ssh2
Jun 28 14:45:37 metasploitable sshd[22906]: pam_unix(sshd:session): session opened for user msfadmin by (uid=0)
Jun 28 14:45:37 metasploitable sshd[22906]: pam_unix(sshd:session): session closed for user msfadmin
Jun 28 14:45:45 metasploitable sshd[22925]: Accepted password for msfadmin from 172.16.255.1 port 51059 ssh2
Jun 28 14:45:45 metasploitable sshd[22927]: pam_unix(sshd:session): session opened for user msfadmin by (uid=0)
Jun 28 14:45:47 metasploitable sshd[22927]: pam_unix(sshd:session): session closed for user msfadmin
Jun 28 14:46:00 metasploitable sshd[22950]: Accepted password for msfadmin from 172.16.255.1 port 51061 ssh2
Jun 28 14:46:00 metasploitable sshd[22952]: pam_unix(sshd:session): session opened for user msfadmin by (uid=0)
Jun 28 14:46:02 metasploitable sshd[22952]: pam_unix(sshd:session): session closed for user msfadmin
Jun 28 15:02:01 metasploitable CRON[22989]: pam_unix(cron:session): session opened for user root by (uid=0)
Jun 28 15:02:01 metasploitable CRON[22989]: pam_unix(cron:session): session closed for user root
Jun 28 15:07:24 metasploitable sshd[22998]: Accepted password for msfadmin from 172.16.255.1 port 51341 ssh2
Jun 28 15:07:24 metasploitable sshd[23000]: pam_unix(sshd:session): session opened for user msfadmin by (uid=0)
Jun 28 15:07:25 metasploitable sshd[23000]: pam_unix(sshd:session): session closed for user msfadmin
Jun 28 15:09:01 metasploitable CRON[23024]: pam_unix(cron:session): session opened for user root by (uid=0)
Jun 28 15:09:01 metasploitable CRON[23024]: pam_unix(cron:session): session closed for user root
Jun 28 15:11:35 metasploitable sshd[22801]: Received disconnect from 172.16.255.1: 11: disconnected by user
Jun 28 15:11:35 metasploitable sshd[22801]: pam_unix(sshd:session): session closed for user msfadmin
Jun 28 15:12:29 metasploitable rlogind[23049]: Can't get peer name of remote host: Transport endpoint is not connected
Jun 28 15:12:44 metasploitable sshd[23055]: Accepted password for msfadmin from 172.16.255.1 port 52426 ssh2
Jun 28 15:12:44 metasploitable sshd[23057]: pam_unix(sshd:session): session opened for user msfadmin by (uid=0)
Jun 28 15:12:45 metasploitable sshd[23057]: pam_unix(sshd:session): session closed for user msfadmin
Jun 28 15:17:01 metasploitable CRON[23084]: pam_unix(cron:session): session opened for user root by (uid=0)
Jun 28 15:17:01 metasploitable CRON[23084]: pam_unix(cron:session): session closed for user root
Jun 28 15:28:07 metasploitable sshd[23098]: Accepted password for msfadmin from 172.16.255.1 port 52718 ssh2
Jun 28 15:28:07 metasploitable sshd[23100]: pam_unix(sshd:session): session opened for user msfadmin by (uid=0)
